2015-10-27 14:52:34,258 [Worker-17] INFO  o.e.m.c.i.e.AbstractTransferListenerAdapter - Downloading http://nexus.paypal.com/nexus/content/groups/public-all/org/apache/maven/plugins/maven-compiler-plugin/3.3/maven-compiler-plugin-3.3.jar
2015-10-27 14:52:34,407 [Worker-17] INFO  o.e.m.c.i.e.AbstractTransferListenerAdapter - Downloaded http://nexus.paypal.com/nexus/content/groups/public-all/org/apache/maven/plugins/maven-compiler-plugin/3.3/maven-compiler-plugin-3.3.jar
2015-10-27 14:52:34,512 [Worker-17] INFO  o.e.m.c.i.e.AbstractTransferListenerAdapter - Downloading http://nexus.paypal.com/nexus/content/groups/public-all/org/apache/maven/plugins/maven-surefire-plugin/2.12.4/maven-surefire-plugin-2.12.4.jar
2015-10-27 14:52:34,648 [Worker-17] INFO  o.e.m.c.i.e.AbstractTransferListenerAdapter - Downloaded http://nexus.paypal.com/nexus/content/groups/public-all/org/apache/maven/plugins/maven-surefire-plugin/2.12.4/maven-surefire-plugin-2.12.4.jar
2015-10-27 14:52:34,735 [Worker-17] INFO  o.e.m.c.i.e.AbstractTransferListenerAdapter - Downloading http://nexus.paypal.com/nexus/content/groups/public-all/org/apache/maven/plugins/maven-war-plugin/2.6/maven-war-plugin-2.6.jar
2015-10-27 14:52:34,937 [Worker-17] INFO  o.e.m.c.i.e.AbstractTransferListenerAdapter - Downloaded http://nexus.paypal.com/nexus/content/groups/public-all/org/apache/maven/plugins/maven-war-plugin/2.6/maven-war-plugin-2.6.jar
2015-10-27 14:52:35,080 [Worker-17] INFO  o.e.m.c.i.e.AbstractTransferListenerAdapter - Downloading http://nexus.paypal.com/nexus/content/groups/public-all/org/apache/maven/plugins/maven-site-plugin/3.3/maven-site-plugin-3.3.jar
2015-10-27 14:52:35,283 [Worker-17] INFO  o.e.m.c.i.e.AbstractTransferListenerAdapter - Downloaded http://nexus.paypal.com/nexus/content/groups/public-all/org/apache/maven/plugins/maven-site-plugin/3.3/maven-site-plugin-3.3.jar
2015-10-27 14:52:35,369 [Worker-17] INFO  o.e.m.c.i.e.AbstractTransferListenerAdapter - Downloading http://nexus.paypal.com/nexus/content/groups/public-all/org/apache/maven/plugins/maven-compiler-plugin/3.3/maven-compiler-plugin-3.3.pom
2015-10-27 14:52:35,463 [Worker-17] INFO  o.e.m.c.i.e.AbstractTransferListenerAdapter - Downloaded http://nexus.paypal.com/nexus/content/groups/public-all/org/apache/maven/plugins/maven-compiler-plugin/3.3/maven-compiler-plugin-3.3.pom
2015-10-27 14:52:35,533 [Worker-17] INFO  o.e.m.c.i.e.AbstractTransferListenerAdapter - Downloading http://nexus.paypal.com/nexus/content/groups/public-all/org/apache/maven/plugins/maven-plugins/27/maven-plugins-27.pom
2015-10-27 14:52:35,643 [Worker-17] INFO  o.e.m.c.i.e.AbstractTransferListenerAdapter - Downloaded http://nexus.paypal.com/nexus/content/groups/public-all/org/apache/maven/plugins/maven-plugins/27/maven-plugins-27.pom
2015-10-27 14:52:35,714 [Worker-17] INFO  o.e.m.c.i.e.AbstractTransferListenerAdapter - Downloading http://nexus.paypal.com/nexus/content/groups/public-all/org/apache/maven/maven-parent/26/maven-parent-26.pom
2015-10-27 14:52:35,846 [Worker-17] INFO  o.e.m.c.i.e.AbstractTransferListenerAdapter - Downloaded http://nexus.paypal.com/nexus/content/groups/public-all/org/apache/maven/maven-parent/26/maven-parent-26.pom
2015-10-27 14:52:35,918 [Worker-17] INFO  o.e.m.c.i.e.AbstractTransferListenerAdapter - Downloading http://nexus.paypal.com/nexus/content/groups/public-all/org/apache/apache/16/apache-16.pom
2015-10-27 14:52:36,035 [Worker-17] INFO  o.e.m.c.i.e.AbstractTransferListenerAdapter - Downloaded http://nexus.paypal.com/nexus/content/groups/public-all/org/apache/apache/16/apache-16.pom
2015-10-27 14:52:36,251 [Worker-17] INFO  o.e.m.c.i.e.AbstractTransferListenerAdapter - Downloading http://nexus.paypal.com/nexus/content/groups/public-all/org/apache/maven/maven-toolchain/2.2.1/maven-toolchain-2.2.1.pom
2015-10-27 14:52:36,324 [Worker-17] INFO  o.e.m.c.i.e.AbstractTransferListenerAdapter - Downloaded http://nexus.paypal.com/nexus/content/groups/public-all/org/apache/maven/maven-toolchain/2.2.1/maven-toolchain-2.2.1.pom
2015-10-27 14:52:36,438 [Worker-17] INFO  o.e.m.c.i.e.AbstractTransferListenerAdapter - Downloading http://nexus.paypal.com/nexus/content/groups/public-all/org/apache/maven/shared/maven-shared-utils/0.7/maven-shared-utils-0.7.pom
2015-10-27 14:52:36,510 [Worker-17] INFO  o.e.m.c.i.e.AbstractTransferListenerAdapter - Downloaded http://nexus.paypal.com/nexus/content/groups/public-all/org/apache/maven/shared/maven-shared-utils/0.7/maven-shared-utils-0.7.pom
2015-10-27 14:52:36,582 [Worker-17] INFO  o.e.m.c.i.e.AbstractTransferListenerAdapter - Downloading http://nexus.paypal.com/nexus/content/groups/public-all/org/apache/maven/shared/maven-shared-components/20/maven-shared-components-20.pom
2015-10-27 14:52:36,649 [Worker-17] INFO  o.e.m.c.i.e.AbstractTransferListenerAdapter - Downloaded http://nexus.paypal.com/nexus/content/groups/public-all/org/apache/maven/shared/maven-shared-components/20/maven-shared-components-20.pom
2015-10-27 14:52:36,733 [Worker-17] INFO  o.e.m.c.i.e.AbstractTransferListenerAdapter - Downloading http://nexus.paypal.com/nexus/content/groups/public-all/org/apache/maven/shared/maven-shared-incremental/1.1/maven-shared-incremental-1.1.pom
2015-10-27 14:52:36,837 [Worker-17] INFO  o.e.m.c.i.e.AbstractTransferListenerAdapter - Downloaded http://nexus.paypal.com/nexus/content/groups/public-all/org/apache/maven/shared/maven-shared-incremental/1.1/maven-shared-incremental-1.1.pom
2015-10-27 14:52:36,919 [Worker-17] INFO  o.e.m.c.i.e.AbstractTransferListenerAdapter - Downloading http://nexus.paypal.com/nexus/content/groups/public-all/org/apache/maven/shared/maven-shared-utils/0.1/maven-shared-utils-0.1.pom
2015-10-27 14:52:36,994 [Worker-17] INFO  o.e.m.c.i.e.AbstractTransferListenerAdapter - Downloaded http://nexus.paypal.com/nexus/content/groups/public-all/org/apache/maven/shared/maven-shared-utils/0.1/maven-shared-utils-0.1.pom
2015-10-27 14:52:37,088 [Worker-17] INFO  o.e.m.c.i.e.AbstractTransferListenerAdapter - Downloading http://nexus.paypal.com/nexus/content/groups/public-all/org/codehaus/plexus/plexus-compiler-api/2.5/plexus-compiler-api-2.5.pom
2015-10-27 14:52:37,163 [Worker-17] INFO  o.e.m.c.i.e.AbstractTransferListenerAdapter - Downloaded http://nexus.paypal.com/nexus/content/groups/public-all/org/codehaus/plexus/plexus-compiler-api/2.5/plexus-compiler-api-2.5.pom
2015-10-27 14:52:37,236 [Worker-17] INFO  o.e.m.c.i.e.AbstractTransferListenerAdapter - Downloading http://nexus.paypal.com/nexus/content/groups/public-all/org/codehaus/plexus/plexus-compiler/2.5/plexus-compiler-2.5.pom
2015-10-27 14:52:37,307 [Worker-17] INFO  o.e.m.c.i.e.AbstractTransferListenerAdapter - Downloaded http://nexus.paypal.com/nexus/content/groups/public-all/org/codehaus/plexus/plexus-compiler/2.5/plexus-compiler-2.5.pom
2015-10-27 14:52:37,377 [Worker-17] INFO  o.e.m.c.i.e.AbstractTransferListenerAdapter - Downloading http://nexus.paypal.com/nexus/content/groups/public-all/org/codehaus/plexus/plexus-components/1.3.1/plexus-components-1.3.1.pom
2015-10-27 14:52:37,440 [Worker-17] INFO  o.e.m.c.i.e.AbstractTransferListenerAdapter - Downloaded http://nexus.paypal.com/nexus/content/groups/public-all/org/codehaus/plexus/plexus-components/1.3.1/plexus-components-1.3.1.pom
2015-10-27 14:52:37,525 [Worker-17] INFO  o.e.m.c.i.e.AbstractTransferListenerAdapter - Downloading http://nexus.paypal.com/nexus/content/groups/public-all/org/codehaus/plexus/plexus/3.3.1/plexus-3.3.1.pom
2015-10-27 14:52:37,627 [Worker-17] INFO  o.e.m.c.i.e.AbstractTransferListenerAdapter - Downloaded http://nexus.paypal.com/nexus/content/groups/public-all/org/codehaus/plexus/plexus/3.3.1/plexus-3.3.1.pom
2015-10-27 14:52:37,716 [Worker-17] INFO  o.e.m.c.i.e.AbstractTransferListenerAdapter - Downloading http://nexus.paypal.com/nexus/content/groups/public-all/org/codehaus/plexus/plexus-compiler-manager/2.5/plexus-compiler-manager-2.5.pom
2015-10-27 14:52:37,789 [Worker-17] INFO  o.e.m.c.i.e.AbstractTransferListenerAdapter - Downloaded http://nexus.paypal.com/nexus/content/groups/public-all/org/codehaus/plexus/plexus-compiler-manager/2.5/plexus-compiler-manager-2.5.pom
2015-10-27 14:52:37,862 [Worker-17] INFO  o.e.m.c.i.e.AbstractTransferListenerAdapter - Downloading http://nexus.paypal.com/nexus/content/groups/public-all/org/codehaus/plexus/plexus-compiler-javac/2.5/plexus-compiler-javac-2.5.pom
2015-10-27 14:52:37,941 [Worker-17] INFO  o.e.m.c.i.e.AbstractTransferListenerAdapter - Downloaded http://nexus.paypal.com/nexus/content/groups/public-all/org/codehaus/plexus/plexus-compiler-javac/2.5/plexus-compiler-javac-2.5.pom
2015-10-27 14:52:38,013 [Worker-17] INFO  o.e.m.c.i.e.AbstractTransferListenerAdapter - Downloading http://nexus.paypal.com/nexus/content/groups/public-all/org/codehaus/plexus/plexus-compilers/2.5/plexus-compilers-2.5.pom
2015-10-27 14:52:38,084 [Worker-17] INFO  o.e.m.c.i.e.AbstractTransferListenerAdapter - Downloaded http://nexus.paypal.com/nexus/content/groups/public-all/org/codehaus/plexus/plexus-compilers/2.5/plexus-compilers-2.5.pom
2015-10-27 14:52:38,198 [Worker-17] INFO  o.e.m.c.i.e.AbstractTransferListenerAdapter - Downloading http://nexus.paypal.com/nexus/content/groups/public-all/org/codehaus/plexus/plexus-utils/1.5.15/plexus-utils-1.5.15.jar
2015-10-27 14:52:38,451 [Worker-17] INFO  o.e.m.c.i.e.AbstractTransferListenerAdapter - Downloaded http://nexus.paypal.com/nexus/content/groups/public-all/org/codehaus/plexus/plexus-utils/1.5.15/plexus-utils-1.5.15.jar
2015-10-27 14:52:38,523 [Worker-17] INFO  o.e.m.c.i.e.AbstractTransferListenerAdapter - Downloading http://nexus.paypal.com/nexus/content/groups/public-all/org/codehaus/plexus/plexus-interpolation/1.11/plexus-interpolation-1.11.jar
2015-10-27 14:52:38,635 [Worker-17] INFO  o.e.m.c.i.e.AbstractTransferListenerAdapter - Downloaded http://nexus.paypal.com/nexus/content/groups/public-all/org/codehaus/plexus/plexus-interpolation/1.11/plexus-interpolation-1.11.jar
2015-10-27 14:52:38,697 [Worker-17] INFO  o.e.m.c.i.e.AbstractTransferListenerAdapter - Downloading http://nexus.paypal.com/nexus/content/groups/public-all/org/apache/maven/maven-toolchain/2.2.1/maven-toolchain-2.2.1.jar
2015-10-27 14:52:38,789 [Worker-17] INFO  o.e.m.c.i.e.AbstractTransferListenerAdapter - Downloaded http://nexus.paypal.com/nexus/content/groups/public-all/org/apache/maven/maven-toolchain/2.2.1/maven-toolchain-2.2.1.jar
2015-10-27 14:52:38,852 [Worker-17] INFO  o.e.m.c.i.e.AbstractTransferListenerAdapter - Downloading http://nexus.paypal.com/nexus/content/groups/public-all/org/apache/maven/shared/maven-shared-utils/0.7/maven-shared-utils-0.7.jar
2015-10-27 14:52:39,071 [Worker-17] INFO  o.e.m.c.i.e.AbstractTransferListenerAdapter - Downloaded http://nexus.paypal.com/nexus/content/groups/public-all/org/apache/maven/shared/maven-shared-utils/0.7/maven-shared-utils-0.7.jar
2015-10-27 14:52:39,139 [Worker-17] INFO  o.e.m.c.i.e.AbstractTransferListenerAdapter - Downloading http://nexus.paypal.com/nexus/content/groups/public-all/org/apache/maven/shared/maven-shared-incremental/1.1/maven-shared-incremental-1.1.jar
2015-10-27 14:52:39,208 [Worker-17] INFO  o.e.m.c.i.e.AbstractTransferListenerAdapter - Downloaded http://nexus.paypal.com/nexus/content/groups/public-all/org/apache/maven/shared/maven-shared-incremental/1.1/maven-shared-incremental-1.1.jar
2015-10-27 14:52:39,273 [Worker-17] INFO  o.e.m.c.i.e.AbstractTransferListenerAdapter - Downloading http://nexus.paypal.com/nexus/content/groups/public-all/org/codehaus/plexus/plexus-compiler-api/2.5/plexus-compiler-api-2.5.jar
2015-10-27 14:52:39,369 [Worker-17] INFO  o.e.m.c.i.e.AbstractTransferListenerAdapter - Downloaded http://nexus.paypal.com/nexus/content/groups/public-all/org/codehaus/plexus/plexus-compiler-api/2.5/plexus-compiler-api-2.5.jar
2015-10-27 14:52:39,435 [Worker-17] INFO  o.e.m.c.i.e.AbstractTransferListenerAdapter - Downloading http://nexus.paypal.com/nexus/content/groups/public-all/org/codehaus/plexus/plexus-compiler-manager/2.5/plexus-compiler-manager-2.5.jar
2015-10-27 14:52:39,510 [Worker-17] INFO  o.e.m.c.i.e.AbstractTransferListenerAdapter - Downloaded http://nexus.paypal.com/nexus/content/groups/public-all/org/codehaus/plexus/plexus-compiler-manager/2.5/plexus-compiler-manager-2.5.jar
2015-10-27 14:52:39,574 [Worker-17] INFO  o.e.m.c.i.e.AbstractTransferListenerAdapter - Downloading http://nexus.paypal.com/nexus/content/groups/public-all/org/codehaus/plexus/plexus-compiler-javac/2.5/plexus-compiler-javac-2.5.jar
2015-10-27 14:52:39,669 [Worker-17] INFO  o.e.m.c.i.e.AbstractTransferListenerAdapter - Downloaded http://nexus.paypal.com/nexus/content/groups/public-all/org/codehaus/plexus/plexus-compiler-javac/2.5/plexus-compiler-javac-2.5.jar
2015-10-27 14:52:39,736 [Worker-17] INFO  o.e.m.c.i.e.AbstractTransferListenerAdapter - Downloading http://nexus.paypal.com/nexus/content/groups/public-all/org/codehaus/plexus/plexus-container-default/1.5.5/plexus-container-default-1.5.5.jar
2015-10-27 14:52:39,970 [Worker-17] INFO  o.e.m.c.i.e.AbstractTransferListenerAdapter - Downloaded http://nexus.paypal.com/nexus/content/groups/public-all/org/codehaus/plexus/plexus-container-default/1.5.5/plexus-container-default-1.5.5.jar
2015-10-27 14:52:40,031 [Worker-17] INFO  o.e.m.c.i.e.AbstractTransferListenerAdapter - Downloading http://nexus.paypal.com/nexus/content/groups/public-all/org/codehaus/plexus/plexus-classworlds/2.2.2/plexus-classworlds-2.2.2.jar
2015-10-27 14:52:40,142 [Worker-17] INFO  o.e.m.c.i.e.AbstractTransferListenerAdapter - Downloaded http://nexus.paypal.com/nexus/content/groups/public-all/org/codehaus/plexus/plexus-classworlds/2.2.2/plexus-classworlds-2.2.2.jar
2015-10-27 14:52:40,205 [Worker-17] INFO  o.e.m.c.i.e.AbstractTransferListenerAdapter - Downloading http://nexus.paypal.com/nexus/content/groups/public-all/org/apache/xbean/xbean-reflect/3.4/xbean-reflect-3.4.jar
2015-10-27 14:52:40,394 [Worker-17] INFO  o.e.m.c.i.e.AbstractTransferListenerAdapter - Downloaded http://nexus.paypal.com/nexus/content/groups/public-all/org/apache/xbean/xbean-reflect/3.4/xbean-reflect-3.4.jar
2015-10-27 14:52:40,451 [Worker-17] INFO  o.e.m.c.i.e.AbstractTransferListenerAdapter - Downloading http://nexus.paypal.com/nexus/content/groups/public-all/log4j/log4j/1.2.12/log4j-1.2.12.jar
2015-10-27 14:52:40,770 [Worker-17] INFO  o.e.m.c.i.e.AbstractTransferListenerAdapter - Downloaded http://nexus.paypal.com/nexus/content/groups/public-all/log4j/log4j/1.2.12/log4j-1.2.12.jar
2015-10-27 14:52:40,842 [Worker-17] INFO  o.e.m.c.i.e.AbstractTransferListenerAdapter - Downloading http://nexus.paypal.com/nexus/content/groups/public-all/commons-logging/commons-logging-api/1.1/commons-logging-api-1.1.jar
2015-10-27 14:52:41,192 [Worker-17] INFO  o.e.m.c.i.e.AbstractTransferListenerAdapter - Downloaded http://nexus.paypal.com/nexus/content/groups/public-all/commons-logging/commons-logging-api/1.1/commons-logging-api-1.1.jar
2015-10-27 14:52:41,684 [Worker-17] INFO  o.e.m.c.i.e.AbstractTransferListenerAdapter - Downloading http://nexus.paypal.com/nexus/content/groups/public-all/com/google/collections/google-collections/1.0/google-collections-1.0.jar
2015-10-27 14:52:42,434 [Worker-17] INFO  o.e.m.c.i.e.AbstractTransferListenerAdapter - Downloaded http://nexus.paypal.com/nexus/content/groups/public-all/com/google/collections/google-collections/1.0/google-collections-1.0.jar
2015-10-27 14:52:42,487 [Worker-17] INFO  o.e.m.c.i.e.AbstractTransferListenerAdapter - Downloading http://nexus.paypal.com/nexus/content/groups/public-all/junit/junit/3.8.2/junit-3.8.2.jar
2015-10-27 14:52:42,627 [Worker-17] INFO  o.e.m.c.i.e.AbstractTransferListenerAdapter - Downloaded http://nexus.paypal.com/nexus/content/groups/public-all/junit/junit/3.8.2/junit-3.8.2.jar
2015-10-27 14:52:42,826 [Worker-17] INFO  o.e.m.c.i.l.LifecycleMappingFactory - Using org.maven.ide.eclipse.wtp.WarLifecycleMapping lifecycle mapping for MavenProject: SampleWebService:SampleWebService:0.0.1-SNAPSHOT @ /Users/kratra/Documents/BITS/SampleWebService/pom.xml.
2015-10-27 14:52:42,903 [Worker-17] INFO  o.e.m.c.i.e.AbstractTransferListenerAdapter - Downloading http://nexus.paypal.com/nexus/content/groups/public-all/org/apache/maven/plugins/maven-war-plugin/2.6/maven-war-plugin-2.6.pom
2015-10-27 14:52:42,962 [Worker-17] INFO  o.e.m.c.i.e.AbstractTransferListenerAdapter - Downloaded http://nexus.paypal.com/nexus/content/groups/public-all/org/apache/maven/plugins/maven-war-plugin/2.6/maven-war-plugin-2.6.pom
2015-10-27 14:52:43,047 [Worker-17] INFO  o.e.m.c.i.e.AbstractTransferListenerAdapter - Downloading http://nexus.paypal.com/nexus/content/groups/public-all/org/apache/maven/plugins/maven-surefire-plugin/2.12.4/maven-surefire-plugin-2.12.4.pom
2015-10-27 14:52:43,110 [Worker-17] INFO  o.e.m.c.i.e.AbstractTransferListenerAdapter - Downloaded http://nexus.paypal.com/nexus/content/groups/public-all/org/apache/maven/plugins/maven-surefire-plugin/2.12.4/maven-surefire-plugin-2.12.4.pom
2015-10-27 14:52:43,178 [Worker-17] INFO  o.e.m.c.i.e.AbstractTransferListenerAdapter - Downloading http://nexus.paypal.com/nexus/content/groups/public-all/org/apache/maven/surefire/surefire/2.12.4/surefire-2.12.4.pom
2015-10-27 14:52:43,248 [Worker-17] INFO  o.e.m.c.i.e.AbstractTransferListenerAdapter - Downloaded http://nexus.paypal.com/nexus/content/groups/public-all/org/apache/maven/surefire/surefire/2.12.4/surefire-2.12.4.pom
2015-10-27 14:52:43,388 [Worker-17] INFO  o.e.m.c.i.e.AbstractTransferListenerAdapter - Downloading http://nexus.paypal.com/nexus/content/groups/public-all/org/apache/maven/maven-archiver/2.6/maven-archiver-2.6.pom
2015-10-27 14:52:43,496 [Worker-17] INFO  o.e.m.c.i.e.AbstractTransferListenerAdapter - Downloaded http://nexus.paypal.com/nexus/content/groups/public-all/org/apache/maven/maven-archiver/2.6/maven-archiver-2.6.pom
2015-10-27 14:52:43,561 [Worker-17] INFO  o.e.m.c.i.e.AbstractTransferListenerAdapter - Downloading http://nexus.paypal.com/nexus/content/groups/public-all/org/codehaus/plexus/plexus-archiver/2.8.1/plexus-archiver-2.8.1.pom
2015-10-27 14:52:43,624 [Worker-17] INFO  o.e.m.c.i.e.AbstractTransferListenerAdapter - Downloaded http://nexus.paypal.com/nexus/content/groups/public-all/org/codehaus/plexus/plexus-archiver/2.8.1/plexus-archiver-2.8.1.pom
2015-10-27 14:52:43,690 [Worker-17] INFO  o.e.m.c.i.e.AbstractTransferListenerAdapter - Downloading http://nexus.paypal.com/nexus/content/groups/public-all/org/codehaus/plexus/plexus-utils/3.0.20/plexus-utils-3.0.20.pom
2015-10-27 14:52:43,751 [Worker-17] INFO  o.e.m.c.i.e.AbstractTransferListenerAdapter - Downloaded http://nexus.paypal.com/nexus/content/groups/public-all/org/codehaus/plexus/plexus-utils/3.0.20/plexus-utils-3.0.20.pom
2015-10-27 14:52:43,817 [Worker-17] INFO  o.e.m.c.i.e.AbstractTransferListenerAdapter - Downloading http://nexus.paypal.com/nexus/content/groups/public-all/org/codehaus/plexus/plexus-io/2.3.2/plexus-io-2.3.2.pom
2015-10-27 14:52:43,879 [Worker-17] INFO  o.e.m.c.i.e.AbstractTransferListenerAdapter - Downloaded http://nexus.paypal.com/nexus/content/groups/public-all/org/codehaus/plexus/plexus-io/2.3.2/plexus-io-2.3.2.pom
2015-10-27 14:52:43,949 [Worker-17] INFO  o.e.m.c.i.e.AbstractTransferListenerAdapter - Downloading http://nexus.paypal.com/nexus/content/groups/public-all/org/apache/commons/commons-compress/1.9/commons-compress-1.9.pom
2015-10-27 14:52:44,022 [Worker-17] INFO  o.e.m.c.i.e.AbstractTransferListenerAdapter - Downloaded http://nexus.paypal.com/nexus/content/groups/public-all/org/apache/commons/commons-compress/1.9/commons-compress-1.9.pom
2015-10-27 14:52:44,096 [Worker-17] INFO  o.e.m.c.i.e.AbstractTransferListenerAdapter - Downloading http://nexus.paypal.com/nexus/content/groups/public-all/org/codehaus/plexus/plexus-interpolation/1.21/plexus-interpolation-1.21.pom
2015-10-27 14:52:44,166 [Worker-17] INFO  o.e.m.c.i.e.AbstractTransferListenerAdapter - Downloaded http://nexus.paypal.com/nexus/content/groups/public-all/org/codehaus/plexus/plexus-interpolation/1.21/plexus-interpolation-1.21.pom
2015-10-27 14:52:44,240 [Worker-17] INFO  o.e.m.c.i.e.AbstractTransferListenerAdapter - Downloading http://nexus.paypal.com/nexus/content/groups/public-all/org/codehaus/plexus/plexus-io/2.4.1/plexus-io-2.4.1.pom
2015-10-27 14:52:44,302 [Worker-17] INFO  o.e.m.c.i.e.AbstractTransferListenerAdapter - Downloaded http://nexus.paypal.com/nexus/content/groups/public-all/org/codehaus/plexus/plexus-io/2.4.1/plexus-io-2.4.1.pom
2015-10-27 14:52:44,372 [Worker-17] INFO  o.e.m.c.i.e.AbstractTransferListenerAdapter - Downloading http://nexus.paypal.com/nexus/content/groups/public-all/commons-io/commons-io/2.2/commons-io-2.2.pom
2015-10-27 14:52:44,448 [Worker-17] INFO  o.e.m.c.i.e.AbstractTransferListenerAdapter - Downloaded http://nexus.paypal.com/nexus/content/groups/public-all/commons-io/commons-io/2.2/commons-io-2.2.pom
2015-10-27 14:52:44,508 [Worker-17] INFO  o.e.m.c.i.e.AbstractTransferListenerAdapter - Downloading http://nexus.paypal.com/nexus/content/groups/public-all/org/apache/commons/commons-parent/24/commons-parent-24.pom
2015-10-27 14:52:44,598 [Worker-17] INFO  o.e.m.c.i.e.AbstractTransferListenerAdapter - Downloaded http://nexus.paypal.com/nexus/content/groups/public-all/org/apache/commons/commons-parent/24/commons-parent-24.pom
2015-10-27 14:52:44,672 [Worker-17] INFO  o.e.m.c.i.e.AbstractTransferListenerAdapter - Downloading http://nexus.paypal.com/nexus/content/groups/public-all/org/codehaus/plexus/plexus-archiver/2.9/plexus-archiver-2.9.pom
2015-10-27 14:52:44,736 [Worker-17] INFO  o.e.m.c.i.e.AbstractTransferListenerAdapter - Downloaded http://nexus.paypal.com/nexus/content/groups/public-all/org/codehaus/plexus/plexus-archiver/2.9/plexus-archiver-2.9.pom
2015-10-27 14:52:44,802 [Worker-17] INFO  o.e.m.c.i.e.AbstractTransferListenerAdapter - Downloading http://nexus.paypal.com/nexus/content/groups/public-all/org/codehaus/plexus/plexus-io/2.4/plexus-io-2.4.pom
2015-10-27 14:52:44,862 [Worker-17] INFO  o.e.m.c.i.e.AbstractTransferListenerAdapter - Downloaded http://nexus.paypal.com/nexus/content/groups/public-all/org/codehaus/plexus/plexus-io/2.4/plexus-io-2.4.pom
2015-10-27 14:52:44,951 [Worker-17] INFO  o.e.m.c.i.e.AbstractTransferListenerAdapter - Downloading http://nexus.paypal.com/nexus/content/groups/public-all/com/thoughtworks/xstream/xstream/1.4.4/xstream-1.4.4.pom
2015-10-27 14:52:45,014 [Worker-17] INFO  o.e.m.c.i.e.AbstractTransferListenerAdapter - Downloaded http://nexus.paypal.com/nexus/content/groups/public-all/com/thoughtworks/xstream/xstream/1.4.4/xstream-1.4.4.pom
2015-10-27 14:52:45,114 [Worker-17] INFO  o.e.m.c.i.e.AbstractTransferListenerAdapter - Downloading http://nexus.paypal.com/nexus/content/groups/public-all/com/thoughtworks/xstream/xstream-parent/1.4.4/xstream-parent-1.4.4.pom
2015-10-27 14:52:45,186 [Worker-17] INFO  o.e.m.c.i.e.AbstractTransferListenerAdapter - Downloaded http://nexus.paypal.com/nexus/content/groups/public-all/com/thoughtworks/xstream/xstream-parent/1.4.4/xstream-parent-1.4.4.pom
2015-10-27 14:52:45,256 [Worker-17] INFO  o.e.m.c.i.e.AbstractTransferListenerAdapter - Downloading http://nexus.paypal.com/nexus/content/groups/public-all/org/apache/maven/shared/maven-filtering/1.3/maven-filtering-1.3.pom
2015-10-27 14:52:45,316 [Worker-17] INFO  o.e.m.c.i.e.AbstractTransferListenerAdapter - Downloaded http://nexus.paypal.com/nexus/content/groups/public-all/org/apache/maven/shared/maven-filtering/1.3/maven-filtering-1.3.pom
2015-10-27 14:52:45,378 [Worker-17] INFO  o.e.m.c.i.e.AbstractTransferListenerAdapter - Downloading http://nexus.paypal.com/nexus/content/groups/public-all/org/apache/maven/shared/maven-shared-utils/0.6/maven-shared-utils-0.6.pom
2015-10-27 14:52:45,444 [Worker-17] INFO  o.e.m.c.i.e.AbstractTransferListenerAdapter - Downloaded http://nexus.paypal.com/nexus/content/groups/public-all/org/apache/maven/shared/maven-shared-utils/0.6/maven-shared-utils-0.6.pom
2015-10-27 14:52:45,514 [Worker-17] INFO  o.e.m.c.i.e.AbstractTransferListenerAdapter - Downloading http://nexus.paypal.com/nexus/content/groups/public-all/org/codehaus/plexus/plexus-utils/3.0.18/plexus-utils-3.0.18.pom
2015-10-27 14:52:45,578 [Worker-17] INFO  o.e.m.c.i.e.AbstractTransferListenerAdapter - Downloaded http://nexus.paypal.com/nexus/content/groups/public-all/org/codehaus/plexus/plexus-utils/3.0.18/plexus-utils-3.0.18.pom
2015-10-27 14:52:45,646 [Worker-17] INFO  o.e.m.c.i.e.AbstractTransferListenerAdapter - Downloading http://nexus.paypal.com/nexus/content/groups/public-all/org/codehaus/plexus/plexus-interpolation/1.19/plexus-interpolation-1.19.pom
2015-10-27 14:52:45,711 [Worker-17] INFO  o.e.m.c.i.e.AbstractTransferListenerAdapter - Downloaded http://nexus.paypal.com/nexus/content/groups/public-all/org/codehaus/plexus/plexus-interpolation/1.19/plexus-interpolation-1.19.pom
2015-10-27 14:52:45,818 [Worker-17] INFO  o.e.m.c.i.e.AbstractTransferListenerAdapter - Downloading http://nexus.paypal.com/nexus/content/groups/public-all/org/apache/maven/shared/maven-mapping/1.0/maven-mapping-1.0.pom
2015-10-27 14:52:45,885 [Worker-17] INFO  o.e.m.c.i.e.AbstractTransferListenerAdapter - Downloaded http://nexus.paypal.com/nexus/content/groups/public-all/org/apache/maven/shared/maven-mapping/1.0/maven-mapping-1.0.pom
2015-10-27 14:52:45,980 [Worker-17] INFO  o.e.m.c.i.e.AbstractTransferListenerAdapter - Downloading http://nexus.paypal.com/nexus/content/groups/public-all/org/apache/maven/maven-archiver/2.6/maven-archiver-2.6.jar
2015-10-27 14:52:46,064 [Worker-17] INFO  o.e.m.c.i.e.AbstractTransferListenerAdapter - Downloaded http://nexus.paypal.com/nexus/content/groups/public-all/org/apache/maven/maven-archiver/2.6/maven-archiver-2.6.jar
2015-10-27 14:52:46,128 [Worker-17] INFO  o.e.m.c.i.e.AbstractTransferListenerAdapter - Downloading http://nexus.paypal.com/nexus/content/groups/public-all/org/codehaus/plexus/plexus-io/2.4.1/plexus-io-2.4.1.jar
2015-10-27 14:52:46,247 [Worker-17] INFO  o.e.m.c.i.e.AbstractTransferListenerAdapter - Downloaded http://nexus.paypal.com/nexus/content/groups/public-all/org/codehaus/plexus/plexus-io/2.4.1/plexus-io-2.4.1.jar
2015-10-27 14:52:46,305 [Worker-17] INFO  o.e.m.c.i.e.AbstractTransferListenerAdapter - Downloading http://nexus.paypal.com/nexus/content/groups/public-all/commons-io/commons-io/2.2/commons-io-2.2.jar
2015-10-27 14:52:46,495 [Worker-17] INFO  o.e.m.c.i.e.AbstractTransferListenerAdapter - Downloaded http://nexus.paypal.com/nexus/content/groups/public-all/commons-io/commons-io/2.2/commons-io-2.2.jar
2015-10-27 14:52:46,557 [Worker-17] INFO  o.e.m.c.i.e.AbstractTransferListenerAdapter - Downloading http://nexus.paypal.com/nexus/content/groups/public-all/org/codehaus/plexus/plexus-archiver/2.9/plexus-archiver-2.9.jar
2015-10-27 14:52:46,731 [Worker-17] INFO  o.e.m.c.i.e.AbstractTransferListenerAdapter - Downloaded http://nexus.paypal.com/nexus/content/groups/public-all/org/codehaus/plexus/plexus-archiver/2.9/plexus-archiver-2.9.jar
2015-10-27 14:52:46,789 [Worker-17] INFO  o.e.m.c.i.e.AbstractTransferListenerAdapter - Downloading http://nexus.paypal.com/nexus/content/groups/public-all/org/apache/commons/commons-compress/1.9/commons-compress-1.9.jar
2015-10-27 14:52:47,129 [Worker-17] INFO  o.e.m.c.i.e.AbstractTransferListenerAdapter - Downloaded http://nexus.paypal.com/nexus/content/groups/public-all/org/apache/commons/commons-compress/1.9/commons-compress-1.9.jar
2015-10-27 14:52:47,199 [Worker-17] INFO  o.e.m.c.i.e.AbstractTransferListenerAdapter - Downloading http://nexus.paypal.com/nexus/content/groups/public-all/org/codehaus/plexus/plexus-interpolation/1.21/plexus-interpolation-1.21.jar
2015-10-27 14:52:47,312 [Worker-17] INFO  o.e.m.c.i.e.AbstractTransferListenerAdapter - Downloaded http://nexus.paypal.com/nexus/content/groups/public-all/org/codehaus/plexus/plexus-interpolation/1.21/plexus-interpolation-1.21.jar
2015-10-27 14:52:47,404 [Worker-17] INFO  o.e.m.c.i.e.AbstractTransferListenerAdapter - Downloading http://nexus.paypal.com/nexus/content/groups/public-all/com/thoughtworks/xstream/xstream/1.4.4/xstream-1.4.4.jar
2015-10-27 14:52:47,832 [Worker-17] INFO  o.e.m.c.i.e.AbstractTransferListenerAdapter - Downloaded http://nexus.paypal.com/nexus/content/groups/public-all/com/thoughtworks/xstream/xstream/1.4.4/xstream-1.4.4.jar
2015-10-27 14:52:47,893 [Worker-17] INFO  o.e.m.c.i.e.AbstractTransferListenerAdapter - Downloading http://nexus.paypal.com/nexus/content/groups/public-all/xmlpull/xmlpull/1.1.3.1/xmlpull-1.1.3.1.jar
2015-10-27 14:52:47,954 [Worker-17] INFO  o.e.m.c.i.e.AbstractTransferListenerAdapter - Downloaded http://nexus.paypal.com/nexus/content/groups/public-all/xmlpull/xmlpull/1.1.3.1/xmlpull-1.1.3.1.jar
2015-10-27 14:52:48,014 [Worker-17] INFO  o.e.m.c.i.e.AbstractTransferListenerAdapter - Downloading http://nexus.paypal.com/nexus/content/groups/public-all/org/codehaus/plexus/plexus-utils/3.0.20/plexus-utils-3.0.20.jar
2015-10-27 14:52:48,278 [Worker-17] INFO  o.e.m.c.i.e.AbstractTransferListenerAdapter - Downloaded http://nexus.paypal.com/nexus/content/groups/public-all/org/codehaus/plexus/plexus-utils/3.0.20/plexus-utils-3.0.20.jar
2015-10-27 14:52:48,336 [Worker-17] INFO  o.e.m.c.i.e.AbstractTransferListenerAdapter - Downloading http://nexus.paypal.com/nexus/content/groups/public-all/org/apache/maven/shared/maven-filtering/1.3/maven-filtering-1.3.jar
2015-10-27 14:52:48,445 [Worker-17] INFO  o.e.m.c.i.e.AbstractTransferListenerAdapter - Downloaded http://nexus.paypal.com/nexus/content/groups/public-all/org/apache/maven/shared/maven-filtering/1.3/maven-filtering-1.3.jar
2015-10-27 14:52:48,524 [Worker-17] INFO  o.e.m.c.i.e.AbstractTransferListenerAdapter - Downloading http://nexus.paypal.com/nexus/content/groups/public-all/org/apache/maven/shared/maven-mapping/1.0/maven-mapping-1.0.jar
2015-10-27 14:52:48,600 [Worker-17] INFO  o.e.m.c.i.e.AbstractTransferListenerAdapter - Downloaded http://nexus.paypal.com/nexus/content/groups/public-all/org/apache/maven/shared/maven-mapping/1.0/maven-mapping-1.0.jar
2015-10-27 14:52:49,050 [Worker-17] INFO  o.e.m.j.i.AbstractJavaProjectConfigurator - Adding source folder /SampleWebService/src
2015-10-27 14:52:49,050 [Worker-17] INFO  o.e.m.j.i.AbstractJavaProjectConfigurator - Not adding source folder /SampleWebService/src/test/java because it overlaps with /SampleWebService/src
2015-10-27 14:52:49,278 [Worker-21] WARN  o.e.m.c.i.embedder.EclipseLogger - Using platform encoding (UTF-8 actually) to copy filtered resources, i.e. build is platform dependent!
2015-10-27 14:52:49,282 [Worker-21] INFO  o.e.m.c.i.embedder.EclipseLogger - skip non existing resourceDirectory /Users/kratra/Documents/BITS/SampleWebService/src/main/resources
2015-10-27 14:52:49,284 [Worker-21] WARN  o.e.m.c.i.embedder.EclipseLogger - Using platform encoding (UTF-8 actually) to copy filtered resources, i.e. build is platform dependent!
2015-10-27 14:52:49,284 [Worker-21] INFO  o.e.m.c.i.embedder.EclipseLogger - skip non existing resourceDirectory /Users/kratra/Documents/BITS/SampleWebService/src/test/resources
2015-10-27 14:52:49,295 [Worker-17] INFO  o.e.m.c.i.p.ProjectConfigurationManager - Update started
2015-10-27 14:52:49,475 [Worker-17] INFO  o.e.m.c.i.l.LifecycleMappingFactory - Using org.maven.ide.eclipse.wtp.WarLifecycleMapping lifecycle mapping for MavenProject: SampleWebService:SampleWebService:0.0.1-SNAPSHOT @ /Users/kratra/Documents/BITS/SampleWebService/pom.xml.
2015-10-27 14:52:49,848 [Worker-17] INFO  o.e.m.j.i.AbstractJavaProjectConfigurator - Adding source folder /SampleWebService/src
2015-10-27 14:52:49,849 [Worker-17] INFO  o.e.m.j.i.AbstractJavaProjectConfigurator - Not adding source folder /SampleWebService/src/test/java because it overlaps with /SampleWebService/src
2015-10-27 14:52:49,958 [Worker-17] INFO  o.e.m.w.i.f.ResourceFilteringBuildParticipant - Cleaning filtered folder for SampleWebService
2015-10-27 14:52:49,969 [Worker-17] INFO  o.e.m.c.i.p.ProjectConfigurationManager - Update completed: 0 sec
2015-10-27 14:52:50,323 [Worker-14] WARN  o.e.m.c.i.embedder.EclipseLogger - Using platform encoding (UTF-8 actually) to copy filtered resources, i.e. build is platform dependent!
2015-10-27 14:52:50,324 [Worker-14] INFO  o.e.m.c.i.embedder.EclipseLogger - skip non existing resourceDirectory /Users/kratra/Documents/BITS/SampleWebService/src/main/resources
2015-10-27 14:52:50,325 [Worker-14] WARN  o.e.m.c.i.embedder.EclipseLogger - Using platform encoding (UTF-8 actually) to copy filtered resources, i.e. build is platform dependent!
2015-10-27 14:52:50,326 [Worker-14] INFO  o.e.m.c.i.embedder.EclipseLogger - skip non existing resourceDirectory /Users/kratra/Documents/BITS/SampleWebService/src/test/resources
2015-10-27 14:52:50,326 [Worker-14] INFO  o.e.m.w.i.f.ResourceFilteringBuildParticipant - Changed resources require a complete clean of filtered resources of SampleWebService
2015-10-27 14:52:50,326 [Worker-14] INFO  o.e.m.w.i.f.ResourceFilteringBuildParticipant - Executing resource filtering for SampleWebService
2015-10-27 14:52:50,337 [Worker-14] WARN  o.e.m.c.i.embedder.EclipseLogger - Using platform encoding (UTF-8 actually) to copy filtered resources, i.e. build is platform dependent!
2015-10-27 14:54:00,717 [Worker-25] INFO  o.e.m.c.i.l.LifecycleMappingFactory - Using org.maven.ide.eclipse.wtp.WarLifecycleMapping lifecycle mapping for MavenProject: SampleWebService:SampleWebService:0.0.1-SNAPSHOT @ /Users/kratra/Documents/BITS/SampleWebService/pom.xml.
2015-10-27 14:54:00,900 [Worker-25] INFO  o.e.m.c.i.e.AbstractTransferListenerAdapter - Downloading http://nexus.paypal.com/nexus/content/groups/public-all/asm/asm-all/3.3.1/asm-all-3.3.1.pom
2015-10-27 14:54:00,956 [Worker-25] INFO  o.e.m.c.i.e.AbstractTransferListenerAdapter - Downloaded http://nexus.paypal.com/nexus/content/groups/public-all/asm/asm-all/3.3.1/asm-all-3.3.1.pom
2015-10-27 14:54:01,047 [Worker-25] INFO  o.e.m.c.i.e.AbstractTransferListenerAdapter - Downloading http://nexus.paypal.com/nexus/content/groups/public-all/com/sun/jersey/jersey-bundle/1.14/jersey-bundle-1.14.pom
2015-10-27 14:54:01,125 [Worker-25] INFO  o.e.m.c.i.e.AbstractTransferListenerAdapter - Downloaded http://nexus.paypal.com/nexus/content/groups/public-all/com/sun/jersey/jersey-bundle/1.14/jersey-bundle-1.14.pom
2015-10-27 14:54:01,186 [Worker-25] INFO  o.e.m.c.i.e.AbstractTransferListenerAdapter - Downloading http://nexus.paypal.com/nexus/content/groups/public-all/com/sun/jersey/jersey-project/1.14/jersey-project-1.14.pom
2015-10-27 14:54:01,267 [Worker-25] INFO  o.e.m.c.i.e.AbstractTransferListenerAdapter - Downloaded http://nexus.paypal.com/nexus/content/groups/public-all/com/sun/jersey/jersey-project/1.14/jersey-project-1.14.pom
2015-10-27 14:54:01,332 [Worker-25] INFO  o.e.m.c.i.e.AbstractTransferListenerAdapter - Downloading http://nexus.paypal.com/nexus/content/groups/public-all/javax/ws/rs/jsr311-api/1.1.1/jsr311-api-1.1.1.pom
2015-10-27 14:54:01,392 [Worker-25] INFO  o.e.m.c.i.e.AbstractTransferListenerAdapter - Downloaded http://nexus.paypal.com/nexus/content/groups/public-all/javax/ws/rs/jsr311-api/1.1.1/jsr311-api-1.1.1.pom
2015-10-27 14:54:01,473 [Worker-25] INFO  o.e.m.c.i.e.AbstractTransferListenerAdapter - Downloading http://nexus.paypal.com/nexus/content/groups/public-all/asm/asm-all/3.3.1/asm-all-3.3.1.jar
2015-10-27 14:54:01,693 [Worker-25] INFO  o.e.m.c.i.e.AbstractTransferListenerAdapter - Downloaded http://nexus.paypal.com/nexus/content/groups/public-all/asm/asm-all/3.3.1/asm-all-3.3.1.jar
2015-10-27 14:54:01,787 [Worker-25] INFO  o.e.m.c.i.e.AbstractTransferListenerAdapter - Downloading http://nexus.paypal.com/nexus/content/groups/public-all/com/sun/jersey/jersey-bundle/1.14/jersey-bundle-1.14.jar
2015-10-27 14:54:03,158 [Worker-25] INFO  o.e.m.c.i.e.AbstractTransferListenerAdapter - Downloaded http://nexus.paypal.com/nexus/content/groups/public-all/com/sun/jersey/jersey-bundle/1.14/jersey-bundle-1.14.jar
2015-10-27 14:54:03,216 [Worker-25] INFO  o.e.m.c.i.e.AbstractTransferListenerAdapter - Downloading http://nexus.paypal.com/nexus/content/groups/public-all/javax/ws/rs/jsr311-api/1.1.1/jsr311-api-1.1.1.jar
2015-10-27 14:54:03,312 [Worker-25] INFO  o.e.m.c.i.e.AbstractTransferListenerAdapter - Downloaded http://nexus.paypal.com/nexus/content/groups/public-all/javax/ws/rs/jsr311-api/1.1.1/jsr311-api-1.1.1.jar
2015-10-27 14:54:03,715 [Worker-25] WARN  o.e.m.c.i.embedder.EclipseLogger - Using platform encoding (UTF-8 actually) to copy filtered resources, i.e. build is platform dependent!
2015-10-27 14:54:03,715 [Worker-25] INFO  o.e.m.c.i.embedder.EclipseLogger - skip non existing resourceDirectory /Users/kratra/Documents/BITS/SampleWebService/src/main/resources
2015-10-27 14:54:03,716 [Worker-25] WARN  o.e.m.c.i.embedder.EclipseLogger - Using platform encoding (UTF-8 actually) to copy filtered resources, i.e. build is platform dependent!
2015-10-27 14:54:03,716 [Worker-25] INFO  o.e.m.c.i.embedder.EclipseLogger - skip non existing resourceDirectory /Users/kratra/Documents/BITS/SampleWebService/src/test/resources
2015-10-27 14:54:03,717 [Worker-25] INFO  o.e.m.w.i.f.ResourceFilteringBuildParticipant - Changed resources require a complete clean of filtered resources of SampleWebService
2015-10-27 14:54:03,717 [Worker-25] INFO  o.e.m.w.i.f.ResourceFilteringBuildParticipant - Executing resource filtering for SampleWebService
2015-10-27 14:54:03,719 [Worker-25] WARN  o.e.m.c.i.embedder.EclipseLogger - Using platform encoding (UTF-8 actually) to copy filtered resources, i.e. build is platform dependent!
2015-10-27 16:13:20,735 [Worker-48] WARN  o.e.m.c.i.embedder.EclipseLogger - Using platform encoding (UTF-8 actually) to copy filtered resources, i.e. build is platform dependent!
2015-10-27 16:13:20,736 [Worker-48] INFO  o.e.m.c.i.embedder.EclipseLogger - skip non existing resourceDirectory /Users/kratra/Documents/BITS/SampleWebService/src/main/resources
2015-10-27 16:13:20,737 [Worker-48] WARN  o.e.m.c.i.embedder.EclipseLogger - Using platform encoding (UTF-8 actually) to copy filtered resources, i.e. build is platform dependent!
2015-10-27 16:13:20,737 [Worker-48] INFO  o.e.m.c.i.embedder.EclipseLogger - skip non existing resourceDirectory /Users/kratra/Documents/BITS/SampleWebService/src/test/resources
2015-10-27 16:14:16,003 [Worker-50] WARN  o.e.m.c.i.embedder.EclipseLogger - Using platform encoding (UTF-8 actually) to copy filtered resources, i.e. build is platform dependent!
2015-10-27 16:14:16,003 [Worker-50] INFO  o.e.m.c.i.embedder.EclipseLogger - skip non existing resourceDirectory /Users/kratra/Documents/BITS/SampleWebService/src/main/resources
2015-10-27 16:14:16,004 [Worker-50] WARN  o.e.m.c.i.embedder.EclipseLogger - Using platform encoding (UTF-8 actually) to copy filtered resources, i.e. build is platform dependent!
2015-10-27 16:14:16,004 [Worker-50] INFO  o.e.m.c.i.embedder.EclipseLogger - skip non existing resourceDirectory /Users/kratra/Documents/BITS/SampleWebService/src/test/resources
2015-10-27 16:14:48,703 [Worker-48] WARN  o.e.m.c.i.embedder.EclipseLogger - Using platform encoding (UTF-8 actually) to copy filtered resources, i.e. build is platform dependent!
2015-10-27 16:14:48,703 [Worker-48] INFO  o.e.m.c.i.embedder.EclipseLogger - skip non existing resourceDirectory /Users/kratra/Documents/BITS/SampleWebService/src/main/resources
2015-10-27 16:14:48,704 [Worker-48] WARN  o.e.m.c.i.embedder.EclipseLogger - Using platform encoding (UTF-8 actually) to copy filtered resources, i.e. build is platform dependent!
2015-10-27 16:14:48,705 [Worker-48] INFO  o.e.m.c.i.embedder.EclipseLogger - skip non existing resourceDirectory /Users/kratra/Documents/BITS/SampleWebService/src/test/resources
2015-10-27 16:14:51,187 [Worker-52] WARN  o.e.m.c.i.embedder.EclipseLogger - Using platform encoding (UTF-8 actually) to copy filtered resources, i.e. build is platform dependent!
2015-10-27 16:14:51,187 [Worker-52] INFO  o.e.m.c.i.embedder.EclipseLogger - skip non existing resourceDirectory /Users/kratra/Documents/BITS/SampleWebService/src/main/resources
2015-10-27 16:14:51,188 [Worker-52] WARN  o.e.m.c.i.embedder.EclipseLogger - Using platform encoding (UTF-8 actually) to copy filtered resources, i.e. build is platform dependent!
2015-10-27 16:14:51,188 [Worker-52] INFO  o.e.m.c.i.embedder.EclipseLogger - skip non existing resourceDirectory /Users/kratra/Documents/BITS/SampleWebService/src/test/resources
2015-10-27 16:15:00,824 [Worker-48] WARN  o.e.m.c.i.embedder.EclipseLogger - Using platform encoding (UTF-8 actually) to copy filtered resources, i.e. build is platform dependent!
2015-10-27 16:15:00,824 [Worker-48] INFO  o.e.m.c.i.embedder.EclipseLogger - skip non existing resourceDirectory /Users/kratra/Documents/BITS/SampleWebService/src/main/resources
2015-10-27 16:15:00,825 [Worker-48] WARN  o.e.m.c.i.embedder.EclipseLogger - Using platform encoding (UTF-8 actually) to copy filtered resources, i.e. build is platform dependent!
2015-10-27 16:15:00,825 [Worker-48] INFO  o.e.m.c.i.embedder.EclipseLogger - skip non existing resourceDirectory /Users/kratra/Documents/BITS/SampleWebService/src/test/resources
2015-10-27 16:15:37,412 [Worker-51] WARN  o.e.m.c.i.embedder.EclipseLogger - Using platform encoding (UTF-8 actually) to copy filtered resources, i.e. build is platform dependent!
2015-10-27 16:15:37,412 [Worker-51] INFO  o.e.m.c.i.embedder.EclipseLogger - skip non existing resourceDirectory /Users/kratra/Documents/BITS/SampleWebService/src/main/resources
2015-10-27 16:15:37,413 [Worker-51] WARN  o.e.m.c.i.embedder.EclipseLogger - Using platform encoding (UTF-8 actually) to copy filtered resources, i.e. build is platform dependent!
2015-10-27 16:15:37,413 [Worker-51] INFO  o.e.m.c.i.embedder.EclipseLogger - skip non existing resourceDirectory /Users/kratra/Documents/BITS/SampleWebService/src/test/resources
2015-10-27 16:16:12,305 [Worker-51] WARN  o.e.m.c.i.embedder.EclipseLogger - Using platform encoding (UTF-8 actually) to copy filtered resources, i.e. build is platform dependent!
2015-10-27 16:16:12,305 [Worker-51] INFO  o.e.m.c.i.embedder.EclipseLogger - skip non existing resourceDirectory /Users/kratra/Documents/BITS/SampleWebService/src/main/resources
2015-10-27 16:16:12,306 [Worker-51] WARN  o.e.m.c.i.embedder.EclipseLogger - Using platform encoding (UTF-8 actually) to copy filtered resources, i.e. build is platform dependent!
2015-10-27 16:16:12,307 [Worker-51] INFO  o.e.m.c.i.embedder.EclipseLogger - skip non existing resourceDirectory /Users/kratra/Documents/BITS/SampleWebService/src/test/resources
2015-10-27 16:16:25,745 [Worker-50] WARN  o.e.m.c.i.embedder.EclipseLogger - Using platform encoding (UTF-8 actually) to copy filtered resources, i.e. build is platform dependent!
2015-10-27 16:16:25,746 [Worker-50] INFO  o.e.m.c.i.embedder.EclipseLogger - skip non existing resourceDirectory /Users/kratra/Documents/BITS/SampleWebService/src/main/resources
2015-10-27 16:16:25,748 [Worker-50] WARN  o.e.m.c.i.embedder.EclipseLogger - Using platform encoding (UTF-8 actually) to copy filtered resources, i.e. build is platform dependent!
2015-10-27 16:16:25,748 [Worker-50] INFO  o.e.m.c.i.embedder.EclipseLogger - skip non existing resourceDirectory /Users/kratra/Documents/BITS/SampleWebService/src/test/resources
2015-10-27 16:17:04,381 [Worker-51] WARN  o.e.m.c.i.embedder.EclipseLogger - Using platform encoding (UTF-8 actually) to copy filtered resources, i.e. build is platform dependent!
2015-10-27 16:17:04,381 [Worker-51] INFO  o.e.m.c.i.embedder.EclipseLogger - skip non existing resourceDirectory /Users/kratra/Documents/BITS/SampleWebService/src/main/resources
2015-10-27 16:17:04,382 [Worker-51] WARN  o.e.m.c.i.embedder.EclipseLogger - Using platform encoding (UTF-8 actually) to copy filtered resources, i.e. build is platform dependent!
2015-10-27 16:17:04,382 [Worker-51] INFO  o.e.m.c.i.embedder.EclipseLogger - skip non existing resourceDirectory /Users/kratra/Documents/BITS/SampleWebService/src/test/resources
2015-10-29 18:07:05,842 [Worker-0] WARN  o.e.m.c.i.embedder.EclipseLogger - Using platform encoding (UTF-8 actually) to copy filtered resources, i.e. build is platform dependent!
2015-10-29 18:07:05,846 [Worker-0] INFO  o.e.m.c.i.embedder.EclipseLogger - skip non existing resourceDirectory /Users/kratra/Documents/BITS/SampleWebService/src/main/resources
2015-10-29 18:07:05,848 [Worker-0] WARN  o.e.m.c.i.embedder.EclipseLogger - Using platform encoding (UTF-8 actually) to copy filtered resources, i.e. build is platform dependent!
2015-10-29 18:07:05,849 [Worker-0] INFO  o.e.m.c.i.embedder.EclipseLogger - skip non existing resourceDirectory /Users/kratra/Documents/BITS/SampleWebService/src/test/resources
2015-11-02 11:25:32,801 [Worker-0] WARN  o.e.m.c.i.embedder.EclipseLogger - Using platform encoding (UTF-8 actually) to copy filtered resources, i.e. build is platform dependent!
2015-11-02 11:25:32,805 [Worker-0] INFO  o.e.m.c.i.embedder.EclipseLogger - skip non existing resourceDirectory /Users/kratra/Documents/BITS/SampleWebService/src/main/resources
2015-11-02 11:25:32,807 [Worker-0] WARN  o.e.m.c.i.embedder.EclipseLogger - Using platform encoding (UTF-8 actually) to copy filtered resources, i.e. build is platform dependent!
2015-11-02 11:25:32,807 [Worker-0] INFO  o.e.m.c.i.embedder.EclipseLogger - skip non existing resourceDirectory /Users/kratra/Documents/BITS/SampleWebService/src/test/resources
2015-11-02 11:55:22,695 [Worker-21] WARN  o.e.m.c.i.embedder.EclipseLogger - Using platform encoding (UTF-8 actually) to copy filtered resources, i.e. build is platform dependent!
2015-11-02 11:55:22,699 [Worker-21] INFO  o.e.m.c.i.embedder.EclipseLogger - skip non existing resourceDirectory /Users/kratra/Documents/BITS/SampleWebService/src/main/resources
2015-11-02 11:55:22,700 [Worker-21] WARN  o.e.m.c.i.embedder.EclipseLogger - Using platform encoding (UTF-8 actually) to copy filtered resources, i.e. build is platform dependent!
2015-11-02 11:55:22,700 [Worker-21] INFO  o.e.m.c.i.embedder.EclipseLogger - skip non existing resourceDirectory /Users/kratra/Documents/BITS/SampleWebService/src/test/resources
2015-11-02 11:58:04,217 [Worker-25] WARN  o.e.m.c.i.embedder.EclipseLogger - Using platform encoding (UTF-8 actually) to copy filtered resources, i.e. build is platform dependent!
2015-11-02 11:58:04,217 [Worker-25] INFO  o.e.m.c.i.embedder.EclipseLogger - skip non existing resourceDirectory /Users/kratra/Documents/BITS/SampleWebService/src/main/resources
2015-11-02 11:58:04,218 [Worker-25] WARN  o.e.m.c.i.embedder.EclipseLogger - Using platform encoding (UTF-8 actually) to copy filtered resources, i.e. build is platform dependent!
2015-11-02 11:58:04,218 [Worker-25] INFO  o.e.m.c.i.embedder.EclipseLogger - skip non existing resourceDirectory /Users/kratra/Documents/BITS/SampleWebService/src/test/resources
2015-11-02 12:03:16,850 [Worker-25] WARN  o.e.m.c.i.embedder.EclipseLogger - Using platform encoding (UTF-8 actually) to copy filtered resources, i.e. build is platform dependent!
2015-11-02 12:03:16,850 [Worker-25] INFO  o.e.m.c.i.embedder.EclipseLogger - skip non existing resourceDirectory /Users/kratra/Documents/BITS/SampleWebService/src/main/resources
2015-11-02 12:03:16,852 [Worker-25] WARN  o.e.m.c.i.embedder.EclipseLogger - Using platform encoding (UTF-8 actually) to copy filtered resources, i.e. build is platform dependent!
2015-11-02 12:03:16,852 [Worker-25] INFO  o.e.m.c.i.embedder.EclipseLogger - skip non existing resourceDirectory /Users/kratra/Documents/BITS/SampleWebService/src/test/resources
2015-11-03 11:28:02,332 [Worker-125] WARN  o.e.m.c.i.embedder.EclipseLogger - Using platform encoding (UTF-8 actually) to copy filtered resources, i.e. build is platform dependent!
2015-11-03 11:28:02,333 [Worker-125] INFO  o.e.m.c.i.embedder.EclipseLogger - skip non existing resourceDirectory /Users/kratra/Documents/BITS/SampleWebService/src/main/resources
2015-11-03 11:28:02,334 [Worker-125] WARN  o.e.m.c.i.embedder.EclipseLogger - Using platform encoding (UTF-8 actually) to copy filtered resources, i.e. build is platform dependent!
2015-11-03 11:28:02,334 [Worker-125] INFO  o.e.m.c.i.embedder.EclipseLogger - skip non existing resourceDirectory /Users/kratra/Documents/BITS/SampleWebService/src/test/resources
2015-11-03 11:28:10,737 [Worker-130] WARN  o.e.m.c.i.embedder.EclipseLogger - Using platform encoding (UTF-8 actually) to copy filtered resources, i.e. build is platform dependent!
2015-11-03 11:28:10,738 [Worker-130] INFO  o.e.m.c.i.embedder.EclipseLogger - skip non existing resourceDirectory /Users/kratra/Documents/BITS/SampleWebService/src/main/resources
2015-11-03 11:28:10,738 [Worker-130] WARN  o.e.m.c.i.embedder.EclipseLogger - Using platform encoding (UTF-8 actually) to copy filtered resources, i.e. build is platform dependent!
2015-11-03 11:28:10,739 [Worker-130] INFO  o.e.m.c.i.embedder.EclipseLogger - skip non existing resourceDirectory /Users/kratra/Documents/BITS/SampleWebService/src/test/resources
2015-11-03 11:31:05,489 [Worker-131] WARN  o.e.m.c.i.embedder.EclipseLogger - Using platform encoding (UTF-8 actually) to copy filtered resources, i.e. build is platform dependent!
2015-11-03 11:31:05,490 [Worker-131] INFO  o.e.m.c.i.embedder.EclipseLogger - skip non existing resourceDirectory /Users/kratra/Documents/BITS/SampleWebService/src/main/resources
2015-11-03 11:31:05,491 [Worker-131] WARN  o.e.m.c.i.embedder.EclipseLogger - Using platform encoding (UTF-8 actually) to copy filtered resources, i.e. build is platform dependent!
2015-11-03 11:31:05,491 [Worker-131] INFO  o.e.m.c.i.embedder.EclipseLogger - skip non existing resourceDirectory /Users/kratra/Documents/BITS/SampleWebService/src/test/resources
2015-11-03 11:31:13,804 [Worker-131] WARN  o.e.m.c.i.embedder.EclipseLogger - Using platform encoding (UTF-8 actually) to copy filtered resources, i.e. build is platform dependent!
2015-11-03 11:31:13,805 [Worker-131] INFO  o.e.m.c.i.embedder.EclipseLogger - skip non existing resourceDirectory /Users/kratra/Documents/BITS/SampleWebService/src/main/resources
2015-11-03 11:31:13,806 [Worker-131] WARN  o.e.m.c.i.embedder.EclipseLogger - Using platform encoding (UTF-8 actually) to copy filtered resources, i.e. build is platform dependent!
2015-11-03 11:31:13,806 [Worker-131] INFO  o.e.m.c.i.embedder.EclipseLogger - skip non existing resourceDirectory /Users/kratra/Documents/BITS/SampleWebService/src/test/resources
2015-11-03 11:31:41,257 [Worker-130] WARN  o.e.m.c.i.embedder.EclipseLogger - Using platform encoding (UTF-8 actually) to copy filtered resources, i.e. build is platform dependent!
2015-11-03 11:31:41,258 [Worker-130] INFO  o.e.m.c.i.embedder.EclipseLogger - skip non existing resourceDirectory /Users/kratra/Documents/BITS/SampleWebService/src/main/resources
2015-11-03 11:31:41,258 [Worker-130] WARN  o.e.m.c.i.embedder.EclipseLogger - Using platform encoding (UTF-8 actually) to copy filtered resources, i.e. build is platform dependent!
2015-11-03 11:31:41,259 [Worker-130] INFO  o.e.m.c.i.embedder.EclipseLogger - skip non existing resourceDirectory /Users/kratra/Documents/BITS/SampleWebService/src/test/resources
2015-11-03 11:31:43,285 [Worker-135] WARN  o.e.m.c.i.embedder.EclipseLogger - Using platform encoding (UTF-8 actually) to copy filtered resources, i.e. build is platform dependent!
2015-11-03 11:31:43,286 [Worker-135] INFO  o.e.m.c.i.embedder.EclipseLogger - skip non existing resourceDirectory /Users/kratra/Documents/BITS/SampleWebService/src/main/resources
2015-11-03 11:31:43,286 [Worker-135] WARN  o.e.m.c.i.embedder.EclipseLogger - Using platform encoding (UTF-8 actually) to copy filtered resources, i.e. build is platform dependent!
2015-11-03 11:31:43,287 [Worker-135] INFO  o.e.m.c.i.embedder.EclipseLogger - skip non existing resourceDirectory /Users/kratra/Documents/BITS/SampleWebService/src/test/resources
2015-11-03 11:32:50,170 [Worker-135] INFO  o.e.m.c.i.l.LifecycleMappingFactory - Using org.maven.ide.eclipse.wtp.WarLifecycleMapping lifecycle mapping for MavenProject: SampleWebService:SampleWebService:0.0.1-SNAPSHOT @ /Users/kratra/Documents/BITS/SampleWebService/pom.xml.
2015-11-03 11:32:50,955 [Worker-135] INFO  o.e.m.c.i.e.AbstractTransferListenerAdapter - Downloading http://nexus.paypal.com/nexus/content/groups/public-all/javax/servlet/javax.servlet-api/3.1.0/javax.servlet-api-3.1.0.pom
2015-11-03 11:32:51,051 [Worker-135] INFO  o.e.m.c.i.e.AbstractTransferListenerAdapter - Downloaded http://nexus.paypal.com/nexus/content/groups/public-all/javax/servlet/javax.servlet-api/3.1.0/javax.servlet-api-3.1.0.pom
2015-11-03 11:32:51,116 [Worker-135] INFO  o.e.m.c.i.e.AbstractTransferListenerAdapter - Downloading http://nexus.paypal.com/nexus/content/groups/public-all/javax/servlet/javax.servlet-api/3.1.0/javax.servlet-api-3.1.0.jar
2015-11-03 11:32:51,296 [Worker-135] INFO  o.e.m.c.i.e.AbstractTransferListenerAdapter - Downloaded http://nexus.paypal.com/nexus/content/groups/public-all/javax/servlet/javax.servlet-api/3.1.0/javax.servlet-api-3.1.0.jar
2015-11-03 11:32:51,849 [Worker-135] WARN  o.e.m.c.i.embedder.EclipseLogger - Using platform encoding (UTF-8 actually) to copy filtered resources, i.e. build is platform dependent!
2015-11-03 11:32:51,849 [Worker-135] INFO  o.e.m.c.i.embedder.EclipseLogger - skip non existing resourceDirectory /Users/kratra/Documents/BITS/SampleWebService/src/main/resources
2015-11-03 11:32:51,850 [Worker-135] WARN  o.e.m.c.i.embedder.EclipseLogger - Using platform encoding (UTF-8 actually) to copy filtered resources, i.e. build is platform dependent!
2015-11-03 11:32:51,851 [Worker-135] INFO  o.e.m.c.i.embedder.EclipseLogger - skip non existing resourceDirectory /Users/kratra/Documents/BITS/SampleWebService/src/test/resources
2015-11-03 11:32:51,851 [Worker-135] INFO  o.e.m.w.i.f.ResourceFilteringBuildParticipant - Changed resources require a complete clean of filtered resources of SampleWebService
2015-11-03 11:32:51,852 [Worker-135] INFO  o.e.m.w.i.f.ResourceFilteringBuildParticipant - Executing resource filtering for SampleWebService
2015-11-03 11:32:51,861 [Worker-135] WARN  o.e.m.c.i.embedder.EclipseLogger - Using platform encoding (UTF-8 actually) to copy filtered resources, i.e. build is platform dependent!
2015-11-03 11:32:52,935 [Worker-133] WARN  o.e.m.c.i.embedder.EclipseLogger - Using platform encoding (UTF-8 actually) to copy filtered resources, i.e. build is platform dependent!
2015-11-03 11:32:52,935 [Worker-133] INFO  o.e.m.c.i.embedder.EclipseLogger - skip non existing resourceDirectory /Users/kratra/Documents/BITS/SampleWebService/src/main/resources
2015-11-03 11:32:52,936 [Worker-133] WARN  o.e.m.c.i.embedder.EclipseLogger - Using platform encoding (UTF-8 actually) to copy filtered resources, i.e. build is platform dependent!
2015-11-03 11:32:52,936 [Worker-133] INFO  o.e.m.c.i.embedder.EclipseLogger - skip non existing resourceDirectory /Users/kratra/Documents/BITS/SampleWebService/src/test/resources
2015-11-03 11:33:01,057 [Worker-127] INFO  o.e.m.c.i.l.LifecycleMappingFactory - Using org.maven.ide.eclipse.wtp.WarLifecycleMapping lifecycle mapping for MavenProject: SampleWebService:SampleWebService:0.0.1-SNAPSHOT @ /Users/kratra/Documents/BITS/SampleWebService/pom.xml.
2015-11-03 11:33:01,447 [Worker-127] WARN  o.e.m.c.i.embedder.EclipseLogger - Using platform encoding (UTF-8 actually) to copy filtered resources, i.e. build is platform dependent!
2015-11-03 11:33:01,447 [Worker-127] INFO  o.e.m.c.i.embedder.EclipseLogger - skip non existing resourceDirectory /Users/kratra/Documents/BITS/SampleWebService/src/main/resources
2015-11-03 11:33:01,448 [Worker-127] WARN  o.e.m.c.i.embedder.EclipseLogger - Using platform encoding (UTF-8 actually) to copy filtered resources, i.e. build is platform dependent!
2015-11-03 11:33:01,449 [Worker-127] INFO  o.e.m.c.i.embedder.EclipseLogger - skip non existing resourceDirectory /Users/kratra/Documents/BITS/SampleWebService/src/test/resources
2015-11-03 11:33:01,449 [Worker-127] INFO  o.e.m.w.i.f.ResourceFilteringBuildParticipant - Changed resources require a complete clean of filtered resources of SampleWebService
2015-11-03 11:33:01,449 [Worker-127] INFO  o.e.m.w.i.f.ResourceFilteringBuildParticipant - Executing resource filtering for SampleWebService
2015-11-03 11:33:01,452 [Worker-127] WARN  o.e.m.c.i.embedder.EclipseLogger - Using platform encoding (UTF-8 actually) to copy filtered resources, i.e. build is platform dependent!
2015-11-03 11:33:03,906 [Worker-135] INFO  o.e.m.c.i.l.LifecycleMappingFactory - Using org.maven.ide.eclipse.wtp.WarLifecycleMapping lifecycle mapping for MavenProject: SampleWebService:SampleWebService:0.0.1-SNAPSHOT @ /Users/kratra/Documents/BITS/SampleWebService/pom.xml.
2015-11-03 11:33:04,243 [Worker-135] WARN  o.e.m.c.i.embedder.EclipseLogger - Using platform encoding (UTF-8 actually) to copy filtered resources, i.e. build is platform dependent!
2015-11-03 11:33:04,243 [Worker-135] INFO  o.e.m.c.i.embedder.EclipseLogger - skip non existing resourceDirectory /Users/kratra/Documents/BITS/SampleWebService/src/main/resources
2015-11-03 11:33:04,244 [Worker-135] WARN  o.e.m.c.i.embedder.EclipseLogger - Using platform encoding (UTF-8 actually) to copy filtered resources, i.e. build is platform dependent!
2015-11-03 11:33:04,244 [Worker-135] INFO  o.e.m.c.i.embedder.EclipseLogger - skip non existing resourceDirectory /Users/kratra/Documents/BITS/SampleWebService/src/test/resources
2015-11-03 11:33:04,244 [Worker-135] INFO  o.e.m.w.i.f.ResourceFilteringBuildParticipant - Changed resources require a complete clean of filtered resources of SampleWebService
2015-11-03 11:33:04,244 [Worker-135] INFO  o.e.m.w.i.f.ResourceFilteringBuildParticipant - Executing resource filtering for SampleWebService
2015-11-03 11:33:04,248 [Worker-135] WARN  o.e.m.c.i.embedder.EclipseLogger - Using platform encoding (UTF-8 actually) to copy filtered resources, i.e. build is platform dependent!
2015-11-03 11:33:11,555 [Worker-134] WARN  o.e.m.c.i.embedder.EclipseLogger - Using platform encoding (UTF-8 actually) to copy filtered resources, i.e. build is platform dependent!
2015-11-03 11:33:11,557 [Worker-134] INFO  o.e.m.c.i.embedder.EclipseLogger - skip non existing resourceDirectory /Users/kratra/Documents/BITS/SampleWebService/src/main/resources
2015-11-03 11:33:11,558 [Worker-134] WARN  o.e.m.c.i.embedder.EclipseLogger - Using platform encoding (UTF-8 actually) to copy filtered resources, i.e. build is platform dependent!
2015-11-03 11:33:11,558 [Worker-134] INFO  o.e.m.c.i.embedder.EclipseLogger - skip non existing resourceDirectory /Users/kratra/Documents/BITS/SampleWebService/src/test/resources
2015-11-03 11:33:16,184 [Worker-130] WARN  o.e.m.c.i.embedder.EclipseLogger - Using platform encoding (UTF-8 actually) to copy filtered resources, i.e. build is platform dependent!
2015-11-03 11:33:16,184 [Worker-130] INFO  o.e.m.c.i.embedder.EclipseLogger - skip non existing resourceDirectory /Users/kratra/Documents/BITS/SampleWebService/src/main/resources
2015-11-03 11:33:16,185 [Worker-130] WARN  o.e.m.c.i.embedder.EclipseLogger - Using platform encoding (UTF-8 actually) to copy filtered resources, i.e. build is platform dependent!
2015-11-03 11:33:16,185 [Worker-130] INFO  o.e.m.c.i.embedder.EclipseLogger - skip non existing resourceDirectory /Users/kratra/Documents/BITS/SampleWebService/src/test/resources
2015-11-03 11:33:55,488 [Worker-133] WARN  o.e.m.c.i.embedder.EclipseLogger - Using platform encoding (UTF-8 actually) to copy filtered resources, i.e. build is platform dependent!
2015-11-03 11:33:55,489 [Worker-133] INFO  o.e.m.c.i.embedder.EclipseLogger - skip non existing resourceDirectory /Users/kratra/Documents/BITS/SampleWebService/src/main/resources
2015-11-03 11:33:55,490 [Worker-133] WARN  o.e.m.c.i.embedder.EclipseLogger - Using platform encoding (UTF-8 actually) to copy filtered resources, i.e. build is platform dependent!
2015-11-03 11:33:55,490 [Worker-133] INFO  o.e.m.c.i.embedder.EclipseLogger - skip non existing resourceDirectory /Users/kratra/Documents/BITS/SampleWebService/src/test/resources
2015-11-03 11:34:07,099 [Worker-136] WARN  o.e.m.c.i.embedder.EclipseLogger - Using platform encoding (UTF-8 actually) to copy filtered resources, i.e. build is platform dependent!
2015-11-03 11:34:07,099 [Worker-136] INFO  o.e.m.c.i.embedder.EclipseLogger - skip non existing resourceDirectory /Users/kratra/Documents/BITS/SampleWebService/src/main/resources
2015-11-03 11:34:07,100 [Worker-136] WARN  o.e.m.c.i.embedder.EclipseLogger - Using platform encoding (UTF-8 actually) to copy filtered resources, i.e. build is platform dependent!
2015-11-03 11:34:07,100 [Worker-136] INFO  o.e.m.c.i.embedder.EclipseLogger - skip non existing resourceDirectory /Users/kratra/Documents/BITS/SampleWebService/src/test/resources
2015-11-03 11:34:23,564 [Worker-133] WARN  o.e.m.c.i.embedder.EclipseLogger - Using platform encoding (UTF-8 actually) to copy filtered resources, i.e. build is platform dependent!
2015-11-03 11:34:23,564 [Worker-133] INFO  o.e.m.c.i.embedder.EclipseLogger - skip non existing resourceDirectory /Users/kratra/Documents/BITS/SampleWebService/src/main/resources
2015-11-03 11:34:23,565 [Worker-133] WARN  o.e.m.c.i.embedder.EclipseLogger - Using platform encoding (UTF-8 actually) to copy filtered resources, i.e. build is platform dependent!
2015-11-03 11:34:23,565 [Worker-133] INFO  o.e.m.c.i.embedder.EclipseLogger - skip non existing resourceDirectory /Users/kratra/Documents/BITS/SampleWebService/src/test/resources
2015-11-03 11:34:28,147 [Worker-127] WARN  o.e.m.c.i.embedder.EclipseLogger - Using platform encoding (UTF-8 actually) to copy filtered resources, i.e. build is platform dependent!
2015-11-03 11:34:28,148 [Worker-127] INFO  o.e.m.c.i.embedder.EclipseLogger - skip non existing resourceDirectory /Users/kratra/Documents/BITS/SampleWebService/src/main/resources
2015-11-03 11:34:28,148 [Worker-127] WARN  o.e.m.c.i.embedder.EclipseLogger - Using platform encoding (UTF-8 actually) to copy filtered resources, i.e. build is platform dependent!
2015-11-03 11:34:28,148 [Worker-127] INFO  o.e.m.c.i.embedder.EclipseLogger - skip non existing resourceDirectory /Users/kratra/Documents/BITS/SampleWebService/src/test/resources
2015-11-03 11:34:31,562 [Worker-131] WARN  o.e.m.c.i.embedder.EclipseLogger - Using platform encoding (UTF-8 actually) to copy filtered resources, i.e. build is platform dependent!
2015-11-03 11:34:31,563 [Worker-131] INFO  o.e.m.c.i.embedder.EclipseLogger - skip non existing resourceDirectory /Users/kratra/Documents/BITS/SampleWebService/src/main/resources
2015-11-03 11:34:31,563 [Worker-131] WARN  o.e.m.c.i.embedder.EclipseLogger - Using platform encoding (UTF-8 actually) to copy filtered resources, i.e. build is platform dependent!
2015-11-03 11:34:31,563 [Worker-131] INFO  o.e.m.c.i.embedder.EclipseLogger - skip non existing resourceDirectory /Users/kratra/Documents/BITS/SampleWebService/src/test/resources
2015-11-03 11:34:44,530 [Worker-136] WARN  o.e.m.c.i.embedder.EclipseLogger - Using platform encoding (UTF-8 actually) to copy filtered resources, i.e. build is platform dependent!
2015-11-03 11:34:44,530 [Worker-136] INFO  o.e.m.c.i.embedder.EclipseLogger - skip non existing resourceDirectory /Users/kratra/Documents/BITS/SampleWebService/src/main/resources
2015-11-03 11:34:44,531 [Worker-136] WARN  o.e.m.c.i.embedder.EclipseLogger - Using platform encoding (UTF-8 actually) to copy filtered resources, i.e. build is platform dependent!
2015-11-03 11:34:44,531 [Worker-136] INFO  o.e.m.c.i.embedder.EclipseLogger - skip non existing resourceDirectory /Users/kratra/Documents/BITS/SampleWebService/src/test/resources
2015-11-03 11:34:53,251 [Worker-130] WARN  o.e.m.c.i.embedder.EclipseLogger - Using platform encoding (UTF-8 actually) to copy filtered resources, i.e. build is platform dependent!
2015-11-03 11:34:53,251 [Worker-130] INFO  o.e.m.c.i.embedder.EclipseLogger - skip non existing resourceDirectory /Users/kratra/Documents/BITS/SampleWebService/src/main/resources
2015-11-03 11:34:53,252 [Worker-130] WARN  o.e.m.c.i.embedder.EclipseLogger - Using platform encoding (UTF-8 actually) to copy filtered resources, i.e. build is platform dependent!
2015-11-03 11:34:53,252 [Worker-130] INFO  o.e.m.c.i.embedder.EclipseLogger - skip non existing resourceDirectory /Users/kratra/Documents/BITS/SampleWebService/src/test/resources
2015-11-03 11:34:57,900 [Worker-133] WARN  o.e.m.c.i.embedder.EclipseLogger - Using platform encoding (UTF-8 actually) to copy filtered resources, i.e. build is platform dependent!
2015-11-03 11:34:57,901 [Worker-133] INFO  o.e.m.c.i.embedder.EclipseLogger - skip non existing resourceDirectory /Users/kratra/Documents/BITS/SampleWebService/src/main/resources
2015-11-03 11:34:57,901 [Worker-133] WARN  o.e.m.c.i.embedder.EclipseLogger - Using platform encoding (UTF-8 actually) to copy filtered resources, i.e. build is platform dependent!
2015-11-03 11:34:57,901 [Worker-133] INFO  o.e.m.c.i.embedder.EclipseLogger - skip non existing resourceDirectory /Users/kratra/Documents/BITS/SampleWebService/src/test/resources
2015-11-03 11:36:46,185 [Worker-130] WARN  o.e.m.c.i.embedder.EclipseLogger - Using platform encoding (UTF-8 actually) to copy filtered resources, i.e. build is platform dependent!
2015-11-03 11:36:46,186 [Worker-130] INFO  o.e.m.c.i.embedder.EclipseLogger - skip non existing resourceDirectory /Users/kratra/Documents/BITS/SampleWebService/src/main/resources
2015-11-03 11:36:46,186 [Worker-130] WARN  o.e.m.c.i.embedder.EclipseLogger - Using platform encoding (UTF-8 actually) to copy filtered resources, i.e. build is platform dependent!
2015-11-03 11:36:46,187 [Worker-130] INFO  o.e.m.c.i.embedder.EclipseLogger - skip non existing resourceDirectory /Users/kratra/Documents/BITS/SampleWebService/src/test/resources
2015-11-03 11:36:54,876 [Worker-135] WARN  o.e.m.c.i.embedder.EclipseLogger - Using platform encoding (UTF-8 actually) to copy filtered resources, i.e. build is platform dependent!
2015-11-03 11:36:54,876 [Worker-135] INFO  o.e.m.c.i.embedder.EclipseLogger - skip non existing resourceDirectory /Users/kratra/Documents/BITS/SampleWebService/src/main/resources
2015-11-03 11:36:54,877 [Worker-135] WARN  o.e.m.c.i.embedder.EclipseLogger - Using platform encoding (UTF-8 actually) to copy filtered resources, i.e. build is platform dependent!
2015-11-03 11:36:54,878 [Worker-135] INFO  o.e.m.c.i.embedder.EclipseLogger - skip non existing resourceDirectory /Users/kratra/Documents/BITS/SampleWebService/src/test/resources
2015-11-03 11:37:04,404 [Worker-137] WARN  o.e.m.c.i.embedder.EclipseLogger - Using platform encoding (UTF-8 actually) to copy filtered resources, i.e. build is platform dependent!
2015-11-03 11:37:04,405 [Worker-137] INFO  o.e.m.c.i.embedder.EclipseLogger - skip non existing resourceDirectory /Users/kratra/Documents/BITS/SampleWebService/src/main/resources
2015-11-03 11:37:04,406 [Worker-137] WARN  o.e.m.c.i.embedder.EclipseLogger - Using platform encoding (UTF-8 actually) to copy filtered resources, i.e. build is platform dependent!
2015-11-03 11:37:04,406 [Worker-137] INFO  o.e.m.c.i.embedder.EclipseLogger - skip non existing resourceDirectory /Users/kratra/Documents/BITS/SampleWebService/src/test/resources
2015-11-03 11:37:12,967 [Worker-130] WARN  o.e.m.c.i.embedder.EclipseLogger - Using platform encoding (UTF-8 actually) to copy filtered resources, i.e. build is platform dependent!
2015-11-03 11:37:12,967 [Worker-130] INFO  o.e.m.c.i.embedder.EclipseLogger - skip non existing resourceDirectory /Users/kratra/Documents/BITS/SampleWebService/src/main/resources
2015-11-03 11:37:12,968 [Worker-130] WARN  o.e.m.c.i.embedder.EclipseLogger - Using platform encoding (UTF-8 actually) to copy filtered resources, i.e. build is platform dependent!
2015-11-03 11:37:12,968 [Worker-130] INFO  o.e.m.c.i.embedder.EclipseLogger - skip non existing resourceDirectory /Users/kratra/Documents/BITS/SampleWebService/src/test/resources
2015-11-03 11:37:21,926 [Worker-130] WARN  o.e.m.c.i.embedder.EclipseLogger - Using platform encoding (UTF-8 actually) to copy filtered resources, i.e. build is platform dependent!
2015-11-03 11:37:21,926 [Worker-130] INFO  o.e.m.c.i.embedder.EclipseLogger - skip non existing resourceDirectory /Users/kratra/Documents/BITS/SampleWebService/src/main/resources
2015-11-03 11:37:21,927 [Worker-130] WARN  o.e.m.c.i.embedder.EclipseLogger - Using platform encoding (UTF-8 actually) to copy filtered resources, i.e. build is platform dependent!
2015-11-03 11:37:21,928 [Worker-130] INFO  o.e.m.c.i.embedder.EclipseLogger - skip non existing resourceDirectory /Users/kratra/Documents/BITS/SampleWebService/src/test/resources
2015-11-03 11:37:28,700 [Worker-135] WARN  o.e.m.c.i.embedder.EclipseLogger - Using platform encoding (UTF-8 actually) to copy filtered resources, i.e. build is platform dependent!
2015-11-03 11:37:28,701 [Worker-135] INFO  o.e.m.c.i.embedder.EclipseLogger - skip non existing resourceDirectory /Users/kratra/Documents/BITS/SampleWebService/src/main/resources
2015-11-03 11:37:28,701 [Worker-135] WARN  o.e.m.c.i.embedder.EclipseLogger - Using platform encoding (UTF-8 actually) to copy filtered resources, i.e. build is platform dependent!
2015-11-03 11:37:28,702 [Worker-135] INFO  o.e.m.c.i.embedder.EclipseLogger - skip non existing resourceDirectory /Users/kratra/Documents/BITS/SampleWebService/src/test/resources
2015-11-03 11:37:34,267 [Worker-131] WARN  o.e.m.c.i.embedder.EclipseLogger - Using platform encoding (UTF-8 actually) to copy filtered resources, i.e. build is platform dependent!
2015-11-03 11:37:34,268 [Worker-131] INFO  o.e.m.c.i.embedder.EclipseLogger - skip non existing resourceDirectory /Users/kratra/Documents/BITS/SampleWebService/src/main/resources
2015-11-03 11:37:34,268 [Worker-131] WARN  o.e.m.c.i.embedder.EclipseLogger - Using platform encoding (UTF-8 actually) to copy filtered resources, i.e. build is platform dependent!
2015-11-03 11:37:34,269 [Worker-131] INFO  o.e.m.c.i.embedder.EclipseLogger - skip non existing resourceDirectory /Users/kratra/Documents/BITS/SampleWebService/src/test/resources
2015-11-03 11:45:04,228 [Worker-137] WARN  o.e.m.c.i.embedder.EclipseLogger - Using platform encoding (UTF-8 actually) to copy filtered resources, i.e. build is platform dependent!
2015-11-03 11:45:04,228 [Worker-137] INFO  o.e.m.c.i.embedder.EclipseLogger - skip non existing resourceDirectory /Users/kratra/Documents/BITS/SampleWebService/src/main/resources
2015-11-03 11:45:04,229 [Worker-137] WARN  o.e.m.c.i.embedder.EclipseLogger - Using platform encoding (UTF-8 actually) to copy filtered resources, i.e. build is platform dependent!
2015-11-03 11:45:04,229 [Worker-137] INFO  o.e.m.c.i.embedder.EclipseLogger - skip non existing resourceDirectory /Users/kratra/Documents/BITS/SampleWebService/src/test/resources
2015-11-03 11:52:04,295 [Worker-131] WARN  o.e.m.c.i.embedder.EclipseLogger - Using platform encoding (UTF-8 actually) to copy filtered resources, i.e. build is platform dependent!
2015-11-03 11:52:04,296 [Worker-131] INFO  o.e.m.c.i.embedder.EclipseLogger - skip non existing resourceDirectory /Users/kratra/Documents/BITS/SampleWebService/src/main/resources
2015-11-03 11:52:04,296 [Worker-131] WARN  o.e.m.c.i.embedder.EclipseLogger - Using platform encoding (UTF-8 actually) to copy filtered resources, i.e. build is platform dependent!
2015-11-03 11:52:04,296 [Worker-131] INFO  o.e.m.c.i.embedder.EclipseLogger - skip non existing resourceDirectory /Users/kratra/Documents/BITS/SampleWebService/src/test/resources
2015-11-03 11:52:51,919 [Worker-130] WARN  o.e.m.c.i.embedder.EclipseLogger - Using platform encoding (UTF-8 actually) to copy filtered resources, i.e. build is platform dependent!
2015-11-03 11:52:51,919 [Worker-130] INFO  o.e.m.c.i.embedder.EclipseLogger - skip non existing resourceDirectory /Users/kratra/Documents/BITS/SampleWebService/src/main/resources
2015-11-03 11:52:51,920 [Worker-130] WARN  o.e.m.c.i.embedder.EclipseLogger - Using platform encoding (UTF-8 actually) to copy filtered resources, i.e. build is platform dependent!
2015-11-03 11:52:51,920 [Worker-130] INFO  o.e.m.c.i.embedder.EclipseLogger - skip non existing resourceDirectory /Users/kratra/Documents/BITS/SampleWebService/src/test/resources
2015-11-03 11:53:02,315 [Worker-139] WARN  o.e.m.c.i.embedder.EclipseLogger - Using platform encoding (UTF-8 actually) to copy filtered resources, i.e. build is platform dependent!
2015-11-03 11:53:02,315 [Worker-139] INFO  o.e.m.c.i.embedder.EclipseLogger - skip non existing resourceDirectory /Users/kratra/Documents/BITS/SampleWebService/src/main/resources
2015-11-03 11:53:02,316 [Worker-139] WARN  o.e.m.c.i.embedder.EclipseLogger - Using platform encoding (UTF-8 actually) to copy filtered resources, i.e. build is platform dependent!
2015-11-03 11:53:02,316 [Worker-139] INFO  o.e.m.c.i.embedder.EclipseLogger - skip non existing resourceDirectory /Users/kratra/Documents/BITS/SampleWebService/src/test/resources
2015-11-03 11:53:03,453 [Worker-131] WARN  o.e.m.c.i.embedder.EclipseLogger - Using platform encoding (UTF-8 actually) to copy filtered resources, i.e. build is platform dependent!
2015-11-03 11:53:03,453 [Worker-131] INFO  o.e.m.c.i.embedder.EclipseLogger - skip non existing resourceDirectory /Users/kratra/Documents/BITS/SampleWebService/src/main/resources
2015-11-03 11:53:03,454 [Worker-131] WARN  o.e.m.c.i.embedder.EclipseLogger - Using platform encoding (UTF-8 actually) to copy filtered resources, i.e. build is platform dependent!
2015-11-03 11:53:03,454 [Worker-131] INFO  o.e.m.c.i.embedder.EclipseLogger - skip non existing resourceDirectory /Users/kratra/Documents/BITS/SampleWebService/src/test/resources
2015-11-03 11:53:08,748 [Worker-130] WARN  o.e.m.c.i.embedder.EclipseLogger - Using platform encoding (UTF-8 actually) to copy filtered resources, i.e. build is platform dependent!
2015-11-03 11:53:08,749 [Worker-130] INFO  o.e.m.c.i.embedder.EclipseLogger - skip non existing resourceDirectory /Users/kratra/Documents/BITS/SampleWebService/src/main/resources
2015-11-03 11:53:08,749 [Worker-130] WARN  o.e.m.c.i.embedder.EclipseLogger - Using platform encoding (UTF-8 actually) to copy filtered resources, i.e. build is platform dependent!
2015-11-03 11:53:08,749 [Worker-130] INFO  o.e.m.c.i.embedder.EclipseLogger - skip non existing resourceDirectory /Users/kratra/Documents/BITS/SampleWebService/src/test/resources
2015-11-03 11:53:12,300 [Worker-139] WARN  o.e.m.c.i.embedder.EclipseLogger - Using platform encoding (UTF-8 actually) to copy filtered resources, i.e. build is platform dependent!
2015-11-03 11:53:12,300 [Worker-139] INFO  o.e.m.c.i.embedder.EclipseLogger - skip non existing resourceDirectory /Users/kratra/Documents/BITS/SampleWebService/src/main/resources
2015-11-03 11:53:12,301 [Worker-139] WARN  o.e.m.c.i.embedder.EclipseLogger - Using platform encoding (UTF-8 actually) to copy filtered resources, i.e. build is platform dependent!
2015-11-03 11:53:12,301 [Worker-139] INFO  o.e.m.c.i.embedder.EclipseLogger - skip non existing resourceDirectory /Users/kratra/Documents/BITS/SampleWebService/src/test/resources
2015-11-03 11:54:44,524 [Worker-130] WARN  o.e.m.c.i.embedder.EclipseLogger - Using platform encoding (UTF-8 actually) to copy filtered resources, i.e. build is platform dependent!
2015-11-03 11:54:44,524 [Worker-130] INFO  o.e.m.c.i.embedder.EclipseLogger - skip non existing resourceDirectory /Users/kratra/Documents/BITS/SampleWebService/src/main/resources
2015-11-03 11:54:44,525 [Worker-130] WARN  o.e.m.c.i.embedder.EclipseLogger - Using platform encoding (UTF-8 actually) to copy filtered resources, i.e. build is platform dependent!
2015-11-03 11:54:44,525 [Worker-130] INFO  o.e.m.c.i.embedder.EclipseLogger - skip non existing resourceDirectory /Users/kratra/Documents/BITS/SampleWebService/src/test/resources
2015-11-03 11:56:03,934 [Worker-141] WARN  o.e.m.c.i.embedder.EclipseLogger - Using platform encoding (UTF-8 actually) to copy filtered resources, i.e. build is platform dependent!
2015-11-03 11:56:03,935 [Worker-141] INFO  o.e.m.c.i.embedder.EclipseLogger - skip non existing resourceDirectory /Users/kratra/Documents/BITS/SampleWebService/src/main/resources
2015-11-03 11:56:03,935 [Worker-141] WARN  o.e.m.c.i.embedder.EclipseLogger - Using platform encoding (UTF-8 actually) to copy filtered resources, i.e. build is platform dependent!
2015-11-03 11:56:03,936 [Worker-141] INFO  o.e.m.c.i.embedder.EclipseLogger - skip non existing resourceDirectory /Users/kratra/Documents/BITS/SampleWebService/src/test/resources
2015-11-03 11:56:40,713 [Worker-137] WARN  o.e.m.c.i.embedder.EclipseLogger - Using platform encoding (UTF-8 actually) to copy filtered resources, i.e. build is platform dependent!
2015-11-03 11:56:40,713 [Worker-137] INFO  o.e.m.c.i.embedder.EclipseLogger - skip non existing resourceDirectory /Users/kratra/Documents/BITS/SampleWebService/src/main/resources
2015-11-03 11:56:40,713 [Worker-137] WARN  o.e.m.c.i.embedder.EclipseLogger - Using platform encoding (UTF-8 actually) to copy filtered resources, i.e. build is platform dependent!
2015-11-03 11:56:40,714 [Worker-137] INFO  o.e.m.c.i.embedder.EclipseLogger - skip non existing resourceDirectory /Users/kratra/Documents/BITS/SampleWebService/src/test/resources
2015-11-03 11:59:04,296 [Worker-141] WARN  o.e.m.c.i.embedder.EclipseLogger - Using platform encoding (UTF-8 actually) to copy filtered resources, i.e. build is platform dependent!
2015-11-03 11:59:04,296 [Worker-141] INFO  o.e.m.c.i.embedder.EclipseLogger - skip non existing resourceDirectory /Users/kratra/Documents/BITS/SampleWebService/src/main/resources
2015-11-03 11:59:04,297 [Worker-141] WARN  o.e.m.c.i.embedder.EclipseLogger - Using platform encoding (UTF-8 actually) to copy filtered resources, i.e. build is platform dependent!
2015-11-03 11:59:04,297 [Worker-141] INFO  o.e.m.c.i.embedder.EclipseLogger - skip non existing resourceDirectory /Users/kratra/Documents/BITS/SampleWebService/src/test/resources
2015-11-03 11:59:14,460 [Worker-131] WARN  o.e.m.c.i.embedder.EclipseLogger - Using platform encoding (UTF-8 actually) to copy filtered resources, i.e. build is platform dependent!
2015-11-03 11:59:14,461 [Worker-131] INFO  o.e.m.c.i.embedder.EclipseLogger - skip non existing resourceDirectory /Users/kratra/Documents/BITS/SampleWebService/src/main/resources
2015-11-03 11:59:14,462 [Worker-131] WARN  o.e.m.c.i.embedder.EclipseLogger - Using platform encoding (UTF-8 actually) to copy filtered resources, i.e. build is platform dependent!
2015-11-03 11:59:14,462 [Worker-131] INFO  o.e.m.c.i.embedder.EclipseLogger - skip non existing resourceDirectory /Users/kratra/Documents/BITS/SampleWebService/src/test/resources
2015-11-03 11:59:55,601 [Worker-141] WARN  o.e.m.c.i.embedder.EclipseLogger - Using platform encoding (UTF-8 actually) to copy filtered resources, i.e. build is platform dependent!
2015-11-03 11:59:55,602 [Worker-141] INFO  o.e.m.c.i.embedder.EclipseLogger - skip non existing resourceDirectory /Users/kratra/Documents/BITS/SampleWebService/src/main/resources
2015-11-03 11:59:55,602 [Worker-141] WARN  o.e.m.c.i.embedder.EclipseLogger - Using platform encoding (UTF-8 actually) to copy filtered resources, i.e. build is platform dependent!
2015-11-03 11:59:55,603 [Worker-141] INFO  o.e.m.c.i.embedder.EclipseLogger - skip non existing resourceDirectory /Users/kratra/Documents/BITS/SampleWebService/src/test/resources
2015-11-03 12:00:46,235 [Worker-137] WARN  o.e.m.c.i.embedder.EclipseLogger - Using platform encoding (UTF-8 actually) to copy filtered resources, i.e. build is platform dependent!
2015-11-03 12:00:46,235 [Worker-137] INFO  o.e.m.c.i.embedder.EclipseLogger - skip non existing resourceDirectory /Users/kratra/Documents/BITS/SampleWebService/src/main/resources
2015-11-03 12:00:46,236 [Worker-137] WARN  o.e.m.c.i.embedder.EclipseLogger - Using platform encoding (UTF-8 actually) to copy filtered resources, i.e. build is platform dependent!
2015-11-03 12:00:46,236 [Worker-137] INFO  o.e.m.c.i.embedder.EclipseLogger - skip non existing resourceDirectory /Users/kratra/Documents/BITS/SampleWebService/src/test/resources
2015-11-03 12:02:03,298 [Worker-139] WARN  o.e.m.c.i.embedder.EclipseLogger - Using platform encoding (UTF-8 actually) to copy filtered resources, i.e. build is platform dependent!
2015-11-03 12:02:03,298 [Worker-139] INFO  o.e.m.c.i.embedder.EclipseLogger - skip non existing resourceDirectory /Users/kratra/Documents/BITS/SampleWebService/src/main/resources
2015-11-03 12:02:03,299 [Worker-139] WARN  o.e.m.c.i.embedder.EclipseLogger - Using platform encoding (UTF-8 actually) to copy filtered resources, i.e. build is platform dependent!
2015-11-03 12:02:03,299 [Worker-139] INFO  o.e.m.c.i.embedder.EclipseLogger - skip non existing resourceDirectory /Users/kratra/Documents/BITS/SampleWebService/src/test/resources
2015-11-03 12:02:11,051 [Worker-144] WARN  o.e.m.c.i.embedder.EclipseLogger - Using platform encoding (UTF-8 actually) to copy filtered resources, i.e. build is platform dependent!
2015-11-03 12:02:11,051 [Worker-144] INFO  o.e.m.c.i.embedder.EclipseLogger - skip non existing resourceDirectory /Users/kratra/Documents/BITS/SampleWebService/src/main/resources
2015-11-03 12:02:11,051 [Worker-144] WARN  o.e.m.c.i.embedder.EclipseLogger - Using platform encoding (UTF-8 actually) to copy filtered resources, i.e. build is platform dependent!
2015-11-03 12:02:11,052 [Worker-144] INFO  o.e.m.c.i.embedder.EclipseLogger - skip non existing resourceDirectory /Users/kratra/Documents/BITS/SampleWebService/src/test/resources
2015-11-03 12:02:55,347 [Worker-131] WARN  o.e.m.c.i.embedder.EclipseLogger - Using platform encoding (UTF-8 actually) to copy filtered resources, i.e. build is platform dependent!
2015-11-03 12:02:55,348 [Worker-131] INFO  o.e.m.c.i.embedder.EclipseLogger - skip non existing resourceDirectory /Users/kratra/Documents/BITS/SampleWebService/src/main/resources
2015-11-03 12:02:55,348 [Worker-131] WARN  o.e.m.c.i.embedder.EclipseLogger - Using platform encoding (UTF-8 actually) to copy filtered resources, i.e. build is platform dependent!
2015-11-03 12:02:55,348 [Worker-131] INFO  o.e.m.c.i.embedder.EclipseLogger - skip non existing resourceDirectory /Users/kratra/Documents/BITS/SampleWebService/src/test/resources
2015-11-03 12:04:01,154 [Worker-141] WARN  o.e.m.c.i.embedder.EclipseLogger - Using platform encoding (UTF-8 actually) to copy filtered resources, i.e. build is platform dependent!
2015-11-03 12:04:01,155 [Worker-141] INFO  o.e.m.c.i.embedder.EclipseLogger - skip non existing resourceDirectory /Users/kratra/Documents/BITS/SampleWebService/src/main/resources
2015-11-03 12:04:01,155 [Worker-141] WARN  o.e.m.c.i.embedder.EclipseLogger - Using platform encoding (UTF-8 actually) to copy filtered resources, i.e. build is platform dependent!
2015-11-03 12:04:01,155 [Worker-141] INFO  o.e.m.c.i.embedder.EclipseLogger - skip non existing resourceDirectory /Users/kratra/Documents/BITS/SampleWebService/src/test/resources
2015-11-03 12:05:27,943 [Worker-140] WARN  o.e.m.c.i.embedder.EclipseLogger - Using platform encoding (UTF-8 actually) to copy filtered resources, i.e. build is platform dependent!
2015-11-03 12:05:27,944 [Worker-140] INFO  o.e.m.c.i.embedder.EclipseLogger - skip non existing resourceDirectory /Users/kratra/Documents/BITS/SampleWebService/src/main/resources
2015-11-03 12:05:27,944 [Worker-140] WARN  o.e.m.c.i.embedder.EclipseLogger - Using platform encoding (UTF-8 actually) to copy filtered resources, i.e. build is platform dependent!
2015-11-03 12:05:27,944 [Worker-140] INFO  o.e.m.c.i.embedder.EclipseLogger - skip non existing resourceDirectory /Users/kratra/Documents/BITS/SampleWebService/src/test/resources
2015-11-03 12:05:49,474 [Worker-141] WARN  o.e.m.c.i.embedder.EclipseLogger - Using platform encoding (UTF-8 actually) to copy filtered resources, i.e. build is platform dependent!
2015-11-03 12:05:49,474 [Worker-141] INFO  o.e.m.c.i.embedder.EclipseLogger - skip non existing resourceDirectory /Users/kratra/Documents/BITS/SampleWebService/src/main/resources
2015-11-03 12:05:49,475 [Worker-141] WARN  o.e.m.c.i.embedder.EclipseLogger - Using platform encoding (UTF-8 actually) to copy filtered resources, i.e. build is platform dependent!
2015-11-03 12:05:49,475 [Worker-141] INFO  o.e.m.c.i.embedder.EclipseLogger - skip non existing resourceDirectory /Users/kratra/Documents/BITS/SampleWebService/src/test/resources
2015-11-03 12:06:24,999 [Worker-146] WARN  o.e.m.c.i.embedder.EclipseLogger - Using platform encoding (UTF-8 actually) to copy filtered resources, i.e. build is platform dependent!
2015-11-03 12:06:24,999 [Worker-146] INFO  o.e.m.c.i.embedder.EclipseLogger - skip non existing resourceDirectory /Users/kratra/Documents/BITS/SampleWebService/src/main/resources
2015-11-03 12:06:25,000 [Worker-146] WARN  o.e.m.c.i.embedder.EclipseLogger - Using platform encoding (UTF-8 actually) to copy filtered resources, i.e. build is platform dependent!
2015-11-03 12:06:25,000 [Worker-146] INFO  o.e.m.c.i.embedder.EclipseLogger - skip non existing resourceDirectory /Users/kratra/Documents/BITS/SampleWebService/src/test/resources
2015-11-03 12:07:36,675 [Worker-139] WARN  o.e.m.c.i.embedder.EclipseLogger - Using platform encoding (UTF-8 actually) to copy filtered resources, i.e. build is platform dependent!
2015-11-03 12:07:36,675 [Worker-139] INFO  o.e.m.c.i.embedder.EclipseLogger - skip non existing resourceDirectory /Users/kratra/Documents/BITS/SampleWebService/src/main/resources
2015-11-03 12:07:36,676 [Worker-139] WARN  o.e.m.c.i.embedder.EclipseLogger - Using platform encoding (UTF-8 actually) to copy filtered resources, i.e. build is platform dependent!
2015-11-03 12:07:36,676 [Worker-139] INFO  o.e.m.c.i.embedder.EclipseLogger - skip non existing resourceDirectory /Users/kratra/Documents/BITS/SampleWebService/src/test/resources
2015-11-03 12:07:40,356 [Worker-131] WARN  o.e.m.c.i.embedder.EclipseLogger - Using platform encoding (UTF-8 actually) to copy filtered resources, i.e. build is platform dependent!
2015-11-03 12:07:40,356 [Worker-131] INFO  o.e.m.c.i.embedder.EclipseLogger - skip non existing resourceDirectory /Users/kratra/Documents/BITS/SampleWebService/src/main/resources
2015-11-03 12:07:40,357 [Worker-131] WARN  o.e.m.c.i.embedder.EclipseLogger - Using platform encoding (UTF-8 actually) to copy filtered resources, i.e. build is platform dependent!
2015-11-03 12:07:40,357 [Worker-131] INFO  o.e.m.c.i.embedder.EclipseLogger - skip non existing resourceDirectory /Users/kratra/Documents/BITS/SampleWebService/src/test/resources
2015-11-03 12:08:42,095 [Worker-131] WARN  o.e.m.c.i.embedder.EclipseLogger - Using platform encoding (UTF-8 actually) to copy filtered resources, i.e. build is platform dependent!
2015-11-03 12:08:42,095 [Worker-131] INFO  o.e.m.c.i.embedder.EclipseLogger - skip non existing resourceDirectory /Users/kratra/Documents/BITS/SampleWebService/src/main/resources
2015-11-03 12:08:42,096 [Worker-131] WARN  o.e.m.c.i.embedder.EclipseLogger - Using platform encoding (UTF-8 actually) to copy filtered resources, i.e. build is platform dependent!
2015-11-03 12:08:42,096 [Worker-131] INFO  o.e.m.c.i.embedder.EclipseLogger - skip non existing resourceDirectory /Users/kratra/Documents/BITS/SampleWebService/src/test/resources
2015-11-03 12:08:49,165 [Worker-137] INFO  o.e.m.c.i.e.AbstractTransferListenerAdapter - Downloading http://nexus.paypal.com/nexus/content/groups/public-all/com/sun/jersey/jersey-bundle/1.14/jersey-bundle-1.14-sources.jar
2015-11-03 12:08:50,294 [Worker-137] INFO  o.e.m.c.i.e.AbstractTransferListenerAdapter - Downloaded http://nexus.paypal.com/nexus/content/groups/public-all/com/sun/jersey/jersey-bundle/1.14/jersey-bundle-1.14-sources.jar
2015-11-03 12:08:50,309 [Worker-137] INFO  o.e.m.j.internal.DownloadSourcesJob - Downloaded sources for com.sun.jersey:jersey-bundle:1.14
2015-11-03 12:08:50,440 [Worker-140] WARN  o.e.m.c.i.embedder.EclipseLogger - Using platform encoding (UTF-8 actually) to copy filtered resources, i.e. build is platform dependent!
2015-11-03 12:08:50,441 [Worker-140] INFO  o.e.m.c.i.embedder.EclipseLogger - skip non existing resourceDirectory /Users/kratra/Documents/BITS/SampleWebService/src/main/resources
2015-11-03 12:08:50,441 [Worker-140] WARN  o.e.m.c.i.embedder.EclipseLogger - Using platform encoding (UTF-8 actually) to copy filtered resources, i.e. build is platform dependent!
2015-11-03 12:08:50,442 [Worker-140] INFO  o.e.m.c.i.embedder.EclipseLogger - skip non existing resourceDirectory /Users/kratra/Documents/BITS/SampleWebService/src/test/resources
2015-11-03 12:10:19,613 [Worker-140] WARN  o.e.m.c.i.embedder.EclipseLogger - Using platform encoding (UTF-8 actually) to copy filtered resources, i.e. build is platform dependent!
2015-11-03 12:10:19,613 [Worker-140] INFO  o.e.m.c.i.embedder.EclipseLogger - skip non existing resourceDirectory /Users/kratra/Documents/BITS/SampleWebService/src/main/resources
2015-11-03 12:10:19,614 [Worker-140] WARN  o.e.m.c.i.embedder.EclipseLogger - Using platform encoding (UTF-8 actually) to copy filtered resources, i.e. build is platform dependent!
2015-11-03 12:10:19,614 [Worker-140] INFO  o.e.m.c.i.embedder.EclipseLogger - skip non existing resourceDirectory /Users/kratra/Documents/BITS/SampleWebService/src/test/resources
2015-11-03 12:12:56,693 [Worker-144] INFO  o.e.m.c.i.l.LifecycleMappingFactory - Using org.maven.ide.eclipse.wtp.WarLifecycleMapping lifecycle mapping for MavenProject: SampleWebService:SampleWebService:0.0.1-SNAPSHOT @ /Users/kratra/Documents/BITS/UserReviewAnalysis/pom.xml.
2015-11-03 12:12:56,873 [Worker-144] WARN  o.e.m.c.i.embedder.EclipseLogger - Using platform encoding (UTF-8 actually) to copy filtered resources, i.e. build is platform dependent!
2015-11-03 12:12:56,873 [Worker-144] INFO  o.e.m.c.i.embedder.EclipseLogger - skip non existing resourceDirectory /Users/kratra/Documents/BITS/UserReviewAnalysis/src/main/resources
2015-11-03 12:12:56,874 [Worker-144] WARN  o.e.m.c.i.embedder.EclipseLogger - Using platform encoding (UTF-8 actually) to copy filtered resources, i.e. build is platform dependent!
2015-11-03 12:12:56,874 [Worker-144] INFO  o.e.m.c.i.embedder.EclipseLogger - skip non existing resourceDirectory /Users/kratra/Documents/BITS/UserReviewAnalysis/src/test/resources
2015-11-03 12:12:57,929 [Worker-139] WARN  o.e.m.c.i.embedder.EclipseLogger - Using platform encoding (UTF-8 actually) to copy filtered resources, i.e. build is platform dependent!
2015-11-03 12:12:57,930 [Worker-139] INFO  o.e.m.c.i.embedder.EclipseLogger - skip non existing resourceDirectory /Users/kratra/Documents/BITS/UserReviewAnalysis/src/main/resources
2015-11-03 12:12:57,930 [Worker-139] WARN  o.e.m.c.i.embedder.EclipseLogger - Using platform encoding (UTF-8 actually) to copy filtered resources, i.e. build is platform dependent!
2015-11-03 12:12:57,931 [Worker-139] INFO  o.e.m.c.i.embedder.EclipseLogger - skip non existing resourceDirectory /Users/kratra/Documents/BITS/UserReviewAnalysis/src/test/resources
2015-11-03 12:13:17,907 [Worker-144] INFO  o.e.m.c.i.l.LifecycleMappingFactory - Using org.maven.ide.eclipse.wtp.WarLifecycleMapping lifecycle mapping for MavenProject: SampleWebService:UserReviewAnalysis:0.0.1-SNAPSHOT @ /Users/kratra/Documents/BITS/UserReviewAnalysis/pom.xml.
2015-11-03 12:13:18,284 [Worker-144] WARN  o.e.m.c.i.embedder.EclipseLogger - Using platform encoding (UTF-8 actually) to copy filtered resources, i.e. build is platform dependent!
2015-11-03 12:13:18,285 [Worker-144] INFO  o.e.m.c.i.embedder.EclipseLogger - skip non existing resourceDirectory /Users/kratra/Documents/BITS/UserReviewAnalysis/src/main/resources
2015-11-03 12:13:18,285 [Worker-144] WARN  o.e.m.c.i.embedder.EclipseLogger - Using platform encoding (UTF-8 actually) to copy filtered resources, i.e. build is platform dependent!
2015-11-03 12:13:18,286 [Worker-144] INFO  o.e.m.c.i.embedder.EclipseLogger - skip non existing resourceDirectory /Users/kratra/Documents/BITS/UserReviewAnalysis/src/test/resources
2015-11-03 12:13:18,286 [Worker-144] INFO  o.e.m.w.i.f.ResourceFilteringBuildParticipant - Changed resources require a complete clean of filtered resources of UserReviewAnalysis
2015-11-03 12:13:18,286 [Worker-144] INFO  o.e.m.w.i.f.ResourceFilteringBuildParticipant - Executing resource filtering for UserReviewAnalysis
2015-11-03 12:13:18,288 [Worker-144] WARN  o.e.m.c.i.embedder.EclipseLogger - Using platform encoding (UTF-8 actually) to copy filtered resources, i.e. build is platform dependent!
2015-11-03 12:14:42,995 [Worker-140] WARN  o.e.m.c.i.embedder.EclipseLogger - Using platform encoding (UTF-8 actually) to copy filtered resources, i.e. build is platform dependent!
2015-11-03 12:14:42,996 [Worker-140] INFO  o.e.m.c.i.embedder.EclipseLogger - skip non existing resourceDirectory /Users/kratra/Documents/BITS/UserReviewAnalysis/src/main/resources
2015-11-03 12:14:42,996 [Worker-140] WARN  o.e.m.c.i.embedder.EclipseLogger - Using platform encoding (UTF-8 actually) to copy filtered resources, i.e. build is platform dependent!
2015-11-03 12:14:42,997 [Worker-140] INFO  o.e.m.c.i.embedder.EclipseLogger - skip non existing resourceDirectory /Users/kratra/Documents/BITS/UserReviewAnalysis/src/test/resources
2015-11-03 12:15:50,764 [Worker-140] WARN  o.e.m.c.i.embedder.EclipseLogger - Using platform encoding (UTF-8 actually) to copy filtered resources, i.e. build is platform dependent!
2015-11-03 12:15:50,765 [Worker-140] INFO  o.e.m.c.i.embedder.EclipseLogger - skip non existing resourceDirectory /Users/kratra/Documents/BITS/UserReviewAnalysis/src/main/resources
2015-11-03 12:15:50,765 [Worker-140] WARN  o.e.m.c.i.embedder.EclipseLogger - Using platform encoding (UTF-8 actually) to copy filtered resources, i.e. build is platform dependent!
2015-11-03 12:15:50,765 [Worker-140] INFO  o.e.m.c.i.embedder.EclipseLogger - skip non existing resourceDirectory /Users/kratra/Documents/BITS/UserReviewAnalysis/src/test/resources
2015-11-03 12:16:13,194 [Worker-140] WARN  o.e.m.c.i.embedder.EclipseLogger - Using platform encoding (UTF-8 actually) to copy filtered resources, i.e. build is platform dependent!
2015-11-03 12:16:13,194 [Worker-140] INFO  o.e.m.c.i.embedder.EclipseLogger - skip non existing resourceDirectory /Users/kratra/Documents/BITS/UserReviewAnalysis/src/main/resources
2015-11-03 12:16:13,194 [Worker-140] WARN  o.e.m.c.i.embedder.EclipseLogger - Using platform encoding (UTF-8 actually) to copy filtered resources, i.e. build is platform dependent!
2015-11-03 12:16:13,195 [Worker-140] INFO  o.e.m.c.i.embedder.EclipseLogger - skip non existing resourceDirectory /Users/kratra/Documents/BITS/UserReviewAnalysis/src/test/resources
2015-11-03 12:17:40,353 [Worker-147] WARN  o.e.m.c.i.embedder.EclipseLogger - Using platform encoding (UTF-8 actually) to copy filtered resources, i.e. build is platform dependent!
2015-11-03 12:17:40,353 [Worker-147] INFO  o.e.m.c.i.embedder.EclipseLogger - skip non existing resourceDirectory /Users/kratra/Documents/BITS/UserReviewAnalysis/src/main/resources
2015-11-03 12:17:40,354 [Worker-147] WARN  o.e.m.c.i.embedder.EclipseLogger - Using platform encoding (UTF-8 actually) to copy filtered resources, i.e. build is platform dependent!
2015-11-03 12:17:40,354 [Worker-147] INFO  o.e.m.c.i.embedder.EclipseLogger - skip non existing resourceDirectory /Users/kratra/Documents/BITS/UserReviewAnalysis/src/test/resources
